#
# A fatal error has been detected by the Java Runtime Environment:
#
#  SIGSEGV (0xb) at pc=0x00007ffb9e194765, pid=7602, tid=0x00007ffb803e3700
#
# JRE version: OpenJDK Runtime Environment (8.0_275-b01) (build 1.8.0_275-8u275-b01-0ubuntu1~18.04-b01)
# Java VM: OpenJDK 64-Bit Server VM (25.275-b01 mixed mode linux-amd64 compressed oops)
# Problematic frame:
# V  [libjvm.so+0x654765]
#
# Failed to write core dump. Core dumps have been disabled. To enable core dumping, try "ulimit -c unlimited" before starting Java again
#
# If you would like to submit a bug report, please visit:
#   http://bugreport.java.com/bugreport/crash.jsp
#

---------------  T H R E A D  ---------------

Current thread (0x00007ffb98166800):  JavaThread "C2 CompilerThread1" daemon [_thread_in_native, id=7622, stack(0x00007ffb802e4000,0x00007ffb803e4000)]

siginfo: si_signo: 11 (SIGSEGV), si_code: 1 (SEGV_MAPERR), si_addr: 0x00005ffb9eb772a0

Registers:
RAX=0x00007ffb38e48620, RBX=0x00000000000001f8, RCX=0x00005ffb9eb772a0, RDX=0x00007ffb38e48600
RSP=0x00007ffb803df4f0, RBP=0x00007ffb803df540, RSI=0x0000000000000001, RDI=0x0000000000000010
R8 =0x0000000000000000, R9 =0x0000000000000002, R10=0x00007ffb803e1ed0, R11=0x0000000000000000
R12=0x0000000000000010, R13=0x000000000000000f, R14=0x00007ffb40451bf0, R15=0x00007ffb803df6b0
RIP=0x00007ffb9e194765, EFLAGS=0x0000000000010212, CSGSFS=0x002b000000000033, ERR=0x0000000000000004
  TRAPNO=0x000000000000000e

Top of Stack: (sp=0x00007ffb803df4f0)
0x00007ffb803df4f0:   00007ffb38e49228 00007ffb0000003f
0x00007ffb803df500:   00007ffb803df6b0 00005ffb9eb772a0
0x00007ffb803df510:   00007ffb803df520 0000000000000000
0x00007ffb803df520:   00007ffb3846e170 00007ffb803dfb20
0x00007ffb803df530:   00007ffb3472e838 0000000000000001
0x00007ffb803df540:   00007ffb803df790 00007ffb9e18dec3
0x00007ffb803df550:   00007ffb803df5d0 00007ffb4121ef98
0x00007ffb803df560:   00007ffb803df680 fffffffe00000000
0x00007ffb803df570:   0000000000000001 00007ffb000fffff
0x00007ffb803df580:   00007ffb803df5d0 0000064500000002
0x00007ffb803df590:   0000000600000006 00007ffb803df6b0
0x00007ffb803df5a0:   0000000500000000 00007ffb3472e928
0x00007ffb803df5b0:   0000000000000000 000000000003ae18
0x00007ffb803df5c0:   fffffffc00000001 0000000000000000
0x00007ffb803df5d0:   0000316500000000 00007ffb00000008
0x00007ffb803df5e0:   00007ffb38e486c0 026a49b70000003f
0x00007ffb803df5f0:   00007ffb38e49228 026a49b70000003f
0x00007ffb803df600:   00007ffb803df6b0 00007ffb34b14240
0x00007ffb803df610:   0000316500000000 00007ffb00000008
0x00007ffb803df620:   00007ffb38e489c0 00007ffb0000003f
0x00007ffb803df630:   00007ffb38e48c40 00007ffb0000003f
0x00007ffb803df640:   00007ffb803df6b0 026a49b750b2b200
0x00007ffb803df650:   0000000000000000 0000000000000000
0x00007ffb803df660:   0000000000000000 ffffffffffffffc0
0x00007ffb803df670:   ffffffffffffffff 00007ffb803df8c0
0x00007ffb803df680:   0000000000000000 0000000000000000
0x00007ffb803df690:   0000000300000000 0000000000000000
0x00007ffb803df6a0:   0000000000000000 00007ffb981672c0
0x00007ffb803df6b0:   00007ffb00000019 00007ffb38e49420
0x00007ffb803df6c0:   0000000000000001 0000000000000010
0x00007ffb803df6d0:   00007ffb9eb57b08 00007ffb403683a0
0x00007ffb803df6e0:   00007ffb40367d00 fffffffffffffff8 

Instructions: (pc=0x00007ffb9e194765)
0x00007ffb9e194745:   c0 0f 84 7c 00 00 00 48 8b 10 66 0f ef c0 41 83
0x00007ffb9e194755:   c4 01 49 89 92 f0 07 00 00 0f 11 00 0f 11 40 10
0x00007ffb9e194765:   f3 0f 6f 01 0f 11 00 f3 0f 6f 41 10 0f 11 40 10
0x00007ffb9e194775:   49 8b 57 08 4a 89 04 ea 45 39 a7 90 00 00 00 76 

Register to memory mapping:

RAX=0x00007ffb38e48620 is an unknown value
RBX=0x00000000000001f8 is an unknown value
RCX=0x00005ffb9eb772a0 is an unknown value
RDX=0x00007ffb38e48600 is an unknown value
RSP=0x00007ffb803df4f0 is pointing into the stack for thread: 0x00007ffb98166800
RBP=0x00007ffb803df540 is pointing into the stack for thread: 0x00007ffb98166800
RSI=0x0000000000000001 is an unknown value
RDI=0x0000000000000010 is an unknown value
R8 =0x0000000000000000 is an unknown value
R9 =0x0000000000000002 is an unknown value
R10=0x00007ffb803e1ed0 is pointing into the stack for thread: 0x00007ffb98166800
R11=0x0000000000000000 is an unknown value
R12=0x0000000000000010 is an unknown value
R13=0x000000000000000f is an unknown value
R14=0x00007ffb40451bf0 is an unknown value
R15=0x00007ffb803df6b0 is pointing into the stack for thread: 0x00007ffb98166800


Stack: [0x00007ffb802e4000,0x00007ffb803e4000],  sp=0x00007ffb803df4f0,  free space=1005k
Native frames: (J=compiled Java code, j=interpreted, Vv=VM code, C=native code)
V  [libjvm.so+0x654765]
V  [libjvm.so+0x64dec3]
V  [libjvm.so+0x3f1717]
V  [libjvm.so+0x48bc98]
V  [libjvm.so+0x48d539]
V  [libjvm.so+0x3d2e72]
V  [libjvm.so+0x499004]
V  [libjvm.so+0x49b8b8]
V  [libjvm.so+0xb071cf]
V  [libjvm.so+0xb0859a]
V  [libjvm.so+0x98eb62]
C  [libpthread.so.0+0x76db]  start_thread+0xdb


Current CompileTask:
C2:   1751 2277   !   4       java.net.URLClassLoader$1::run (63 bytes)


---------------  P R O C E S S  ---------------

Java Threads: ( => current thread )
  0x00007ffb987ef000 JavaThread "/127.0.0.1:39398 to /127.0.0.1:38067 workers Thread 3" [_thread_in_native, id=7633, stack(0x00007ffb7b8ad000,0x00007ffb7b9ae000)]
  0x00007ffb987f4000 JavaThread "/127.0.0.1:39398 to /127.0.0.1:38067 workers Thread 2" [_thread_blocked, id=7632, stack(0x00007ffb7b9ae000,0x00007ffb7baaf000)]
  0x00007ffb9877e000 JavaThread "Test worker" [_thread_in_Java, id=7631, stack(0x00007ffb7baaf000,0x00007ffb7bbb0000)]
  0x00007ffb98196000 JavaThread "Service Thread" daemon [_thread_blocked, id=7625, stack(0x00007ffb7beff000,0x00007ffb7c000000)]
  0x00007ffb9816b000 JavaThread "C1 CompilerThread3" daemon [_thread_blocked, id=7624, stack(0x00007ffb800e2000,0x00007ffb801e2000)]
  0x00007ffb98169000 JavaThread "C2 CompilerThread2" daemon [_thread_in_native, id=7623, stack(0x00007ffb801e3000,0x00007ffb802e3000)]
=>0x00007ffb98166800 JavaThread "C2 CompilerThread1" daemon [_thread_in_native, id=7622, stack(0x00007ffb802e4000,0x00007ffb803e4000)]
  0x00007ffb98165000 JavaThread "C2 CompilerThread0" daemon [_thread_in_native, id=7621, stack(0x00007ffb803e5000,0x00007ffb804e5000)]
  0x00007ffb9815f000 JavaThread "Signal Dispatcher" daemon [_thread_blocked, id=7620, stack(0x00007ffb804e5000,0x00007ffb805e6000)]
  0x00007ffb98091000 JavaThread "Finalizer" daemon [_thread_blocked, id=7619, stack(0x00007ffb80d62000,0x00007ffb80e63000)]
  0x00007ffb9808c800 JavaThread "Reference Handler" daemon [_thread_blocked, id=7618, stack(0x00007ffb80e63000,0x00007ffb80f64000)]
  0x00007ffb9800d800 JavaThread "main" [_thread_blocked, id=7608, stack(0x00007ffb9f8ed000,0x00007ffb9f9ed000)]

Other Threads:
  0x00007ffb98083000 VMThread [stack: 0x00007ffb80f65000,0x00007ffb81065000] [id=7617]
  0x00007ffb98198800 WatcherThread [stack: 0x00007ffb7bdff000,0x00007ffb7beff000] [id=7626]

VM state:not at safepoint (normal execution)

VM Mutex/Monitor currently owned by a thread: None

heap address: 0x00000000e0000000, size: 512 MB, Compressed Oops mode: 32-bit
Narrow klass base: 0x0000000000000000, Narrow klass shift: 3
Compressed class space size: 1073741824 Address: 0x0000000100000000

Heap:
 PSYoungGen      total 98816K, used 35104K [0x00000000f5580000, 0x00000000fc200000, 0x0000000100000000)
  eden space 88576K, 31% used [0x00000000f5580000,0x00000000f70bf008,0x00000000fac00000)
  from space 10240K, 70% used [0x00000000fb600000,0x00000000fbd09288,0x00000000fc000000)
  to   space 10240K, 0% used [0x00000000fac00000,0x00000000fac00000,0x00000000fb600000)
 ParOldGen       total 113664K, used 9303K [0x00000000e0000000, 0x00000000e6f00000, 0x00000000f5580000)
  object space 113664K, 8% used [0x00000000e0000000,0x00000000e0915ff0,0x00000000e6f00000)
 Metaspace       used 29135K, capacity 31504K, committed 31744K, reserved 1077248K
  class space    used 3914K, capacity 4348K, committed 4352K, reserved 1048576K

Card table byte_map: [0x00007ffb9c0b1000,0x00007ffb9c1b2000] byte_map_base: 0x00007ffb9b9b1000

Marking Bits: (ParMarkBitMap*) 0x00007ffb9eb82680
 Begin Bits: [0x00007ffb83000000, 0x00007ffb83800000)
 End Bits:   [0x00007ffb83800000, 0x00007ffb84000000)

Polling page: 0x00007ffb9fa05000

CodeCache: size=245760Kb used=9668Kb max_used=9672Kb free=236091Kb
 bounds [0x00007ffb89000000, 0x00007ffb89980000, 0x00007ffb98000000]
 total_blobs=3192 nmethods=2811 adapters=294
 compilation: enabled

Compilation events (10 events):
Event: 1.747 Thread 0x00007ffb98165000 2810  s!   4       sun.misc.URLClassPath::getLoader (243 bytes)
Event: 1.748 Thread 0x00007ffb9816b000 2812       1       org.springframework.util.MimeType::getSubtype (5 bytes)
Event: 1.748 Thread 0x00007ffb9816b000 nmethod 2812 0x00007ffb8996e910 code [0x00007ffb8996ea60, 0x00007ffb8996eb70]
Event: 1.749 Thread 0x00007ffb9816b000 2813       3       org.springframework.util.MimeType::isWildcardType (10 bytes)
Event: 1.749 Thread 0x00007ffb9816b000 nmethod 2813 0x00007ffb89969190 code [0x00007ffb89969300, 0x00007ffb899695a8]
Event: 1.749 Thread 0x00007ffb9816b000 2814       2       java.util.HashMap::putVal (300 bytes)
Event: 1.749 Thread 0x00007ffb98169000 nmethod 2805 0x00007ffb89973b10 code [0x00007ffb89973cc0, 0x00007ffb89974bf8]
Event: 1.749 Thread 0x00007ffb98169000 2811  s    4       sun.misc.URLClassPath::getNextLoader (88 bytes)
Event: 1.750 Thread 0x00007ffb9816b000 nmethod 2814 0x00007ffb8996ba10 code [0x00007ffb8996bc20, 0x00007ffb8996c318]
Event: 1.750 Thread 0x00007ffb9816b000 2816       3       org.springframework.util.ReflectionUtils$$Lambda$672/1809768213::doWith (11 bytes)

GC Heap History (10 events):
Event: 0.565 GC heap before
{Heap before GC invocations=1 (full 0):
 PSYoungGen      total 74752K, used 64512K [0x00000000f5580000, 0x00000000fa880000, 0x0000000100000000)
  eden space 64512K, 100% used [0x00000000f5580000,0x00000000f9480000,0x00000000f9480000)
  from space 10240K, 0% used [0x00000000f9e80000,0x00000000f9e80000,0x00000000fa880000)
  to   space 10240K, 0% used [0x00000000f9480000,0x00000000f9480000,0x00000000f9e80000)
 ParOldGen       total 171008K, used 0K [0x00000000e0000000, 0x00000000ea700000, 0x00000000f5580000)
  object space 171008K, 0% used [0x00000000e0000000,0x00000000e0000000,0x00000000ea700000)
 Metaspace       used 13458K, capacity 14416K, committed 14592K, reserved 1062912K
  class space    used 1796K, capacity 2012K, committed 2048K, reserved 1048576K
Event: 0.570 GC heap after
Heap after GC invocations=1 (full 0):
 PSYoungGen      total 74752K, used 8221K [0x00000000f5580000, 0x00000000fa880000, 0x0000000100000000)
  eden space 64512K, 0% used [0x00000000f5580000,0x00000000f5580000,0x00000000f9480000)
  from space 10240K, 80% used [0x00000000f9480000,0x00000000f9c87458,0x00000000f9e80000)
  to   space 10240K, 0% used [0x00000000f9e80000,0x00000000f9e80000,0x00000000fa880000)
 ParOldGen       total 171008K, used 16K [0x00000000e0000000, 0x00000000ea700000, 0x00000000f5580000)
  object space 171008K, 0% used [0x00000000e0000000,0x00000000e0004000,0x00000000ea700000)
 Metaspace       used 13458K, capacity 14416K, committed 14592K, reserved 1062912K
  class space    used 1796K, capacity 2012K, committed 2048K, reserved 1048576K
}
Event: 0.884 GC heap before
{Heap before GC invocations=2 (full 0):
 PSYoungGen      total 74752K, used 70896K [0x00000000f5580000, 0x00000000fa880000, 0x0000000100000000)
  eden space 64512K, 97% used [0x00000000f5580000,0x00000000f92b4f38,0x00000000f9480000)
  from space 10240K, 80% used [0x00000000f9480000,0x00000000f9c87458,0x00000000f9e80000)
  to   space 10240K, 0% used [0x00000000f9e80000,0x00000000f9e80000,0x00000000fa880000)
 ParOldGen       total 171008K, used 16K [0x00000000e0000000, 0x00000000ea700000, 0x00000000f5580000)
  object space 171008K, 0% used [0x00000000e0000000,0x00000000e0004000,0x00000000ea700000)
 Metaspace       used 19812K, capacity 21216K, committed 21296K, reserved 1067008K
  class space    used 2634K, capacity 2910K, committed 2944K, reserved 1048576K
Event: 0.891 GC heap after
Heap after GC invocations=2 (full 0):
 PSYoungGen      total 74752K, used 9750K [0x00000000f5580000, 0x00000000fe780000, 0x0000000100000000)
  eden space 64512K, 0% used [0x00000000f5580000,0x00000000f5580000,0x00000000f9480000)
  from space 10240K, 95% used [0x00000000f9e80000,0x00000000fa805b80,0x00000000fa880000)
  to   space 10240K, 0% used [0x00000000f9480000,0x00000000f9480000,0x00000000f9e80000)
 ParOldGen       total 171008K, used 24K [0x00000000e0000000, 0x00000000ea700000, 0x00000000f5580000)
  object space 171008K, 0% used [0x00000000e0000000,0x00000000e0006000,0x00000000ea700000)
 Metaspace       used 19812K, capacity 21216K, committed 21296K, reserved 1067008K
  class space    used 2634K, capacity 2910K, committed 2944K, reserved 1048576K
}
Event: 0.891 GC heap before
{Heap before GC invocations=3 (full 1):
 PSYoungGen      total 74752K, used 9750K [0x00000000f5580000, 0x00000000fe780000, 0x0000000100000000)
  eden space 64512K, 0% used [0x00000000f5580000,0x00000000f5580000,0x00000000f9480000)
  from space 10240K, 95% used [0x00000000f9e80000,0x00000000fa805b80,0x00000000fa880000)
  to   space 10240K, 0% used [0x00000000f9480000,0x00000000f9480000,0x00000000f9e80000)
 ParOldGen       total 171008K, used 24K [0x00000000e0000000, 0x00000000ea700000, 0x00000000f5580000)
  object space 171008K, 0% used [0x00000000e0000000,0x00000000e0006000,0x00000000ea700000)
 Metaspace       used 19812K, capacity 21216K, committed 21296K, reserved 1067008K
  class space    used 2634K, capacity 2910K, committed 2944K, reserved 1048576K
Event: 0.910 GC heap after
Heap after GC invocations=3 (full 1):
 PSYoungGen      total 74752K, used 0K [0x00000000f5580000, 0x00000000fe780000, 0x0000000100000000)
  eden space 64512K, 0% used [0x00000000f5580000,0x00000000f5580000,0x00000000f9480000)
  from space 10240K, 0% used [0x00000000f9e80000,0x00000000f9e80000,0x00000000fa880000)
  to   space 10240K, 0% used [0x00000000f9480000,0x00000000f9480000,0x00000000f9e80000)
 ParOldGen       total 113664K, used 9287K [0x00000000e0000000, 0x00000000e6f00000, 0x00000000f5580000)
  object space 113664K, 8% used [0x00000000e0000000,0x00000000e0911ff0,0x00000000e6f00000)
 Metaspace       used 19812K, capacity 21216K, committed 21296K, reserved 1067008K
  class space    used 2634K, capacity 2910K, committed 2944K, reserved 1048576K
}
Event: 1.195 GC heap before
{Heap before GC invocations=4 (full 1):
 PSYoungGen      total 74752K, used 64512K [0x00000000f5580000, 0x00000000fe780000, 0x0000000100000000)
  eden space 64512K, 100% used [0x00000000f5580000,0x00000000f9480000,0x00000000f9480000)
  from space 10240K, 0% used [0x00000000f9e80000,0x00000000f9e80000,0x00000000fa880000)
  to   space 10240K, 0% used [0x00000000f9480000,0x00000000f9480000,0x00000000f9e80000)
 ParOldGen       total 113664K, used 9287K [0x00000000e0000000, 0x00000000e6f00000, 0x00000000f5580000)
  object space 113664K, 8% used [0x00000000e0000000,0x00000000e0911ff0,0x00000000e6f00000)
 Metaspace       used 24413K, capacity 26112K, committed 26240K, reserved 1071104K
  class space    used 3274K, capacity 3634K, committed 3712K, reserved 1048576K
Event: 1.199 GC heap after
Heap after GC invocations=4 (full 1):
 PSYoungGen      total 74752K, used 6541K [0x00000000f5580000, 0x00000000fc000000, 0x0000000100000000)
  eden space 64512K, 0% used [0x00000000f5580000,0x00000000f5580000,0x00000000f9480000)
  from space 10240K, 63% used [0x00000000f9480000,0x00000000f9ae3738,0x00000000f9e80000)
  to   space 10240K, 0% used [0x00000000fb600000,0x00000000fb600000,0x00000000fc000000)
 ParOldGen       total 113664K, used 9295K [0x00000000e0000000, 0x00000000e6f00000, 0x00000000f5580000)
  object space 113664K, 8% used [0x00000000e0000000,0x00000000e0913ff0,0x00000000e6f00000)
 Metaspace       used 24413K, capacity 26112K, committed 26240K, reserved 1071104K
  class space    used 3274K, capacity 3634K, committed 3712K, reserved 1048576K
}
Event: 1.619 GC heap before
{Heap before GC invocations=5 (full 1):
 PSYoungGen      total 74752K, used 71053K [0x00000000f5580000, 0x00000000fc000000, 0x0000000100000000)
  eden space 64512K, 100% used [0x00000000f5580000,0x00000000f9480000,0x00000000f9480000)
  from space 10240K, 63% used [0x00000000f9480000,0x00000000f9ae3738,0x00000000f9e80000)
  to   space 10240K, 0% used [0x00000000fb600000,0x00000000fb600000,0x00000000fc000000)
 ParOldGen       total 113664K, used 9295K [0x00000000e0000000, 0x00000000e6f00000, 0x00000000f5580000)
  object space 113664K, 8% used [0x00000000e0000000,0x00000000e0913ff0,0x00000000e6f00000)
 Metaspace       used 28234K, capacity 30558K, committed 30592K, reserved 1075200K
  class space    used 3789K, capacity 4197K, committed 4224K, reserved 1048576K
Event: 1.628 GC heap after
Heap after GC invocations=5 (full 1):
 PSYoungGen      total 98816K, used 7204K [0x00000000f5580000, 0x00000000fc200000, 0x0000000100000000)
  eden space 88576K, 0% used [0x00000000f5580000,0x00000000f5580000,0x00000000fac00000)
  from space 10240K, 70% used [0x00000000fb600000,0x00000000fbd09288,0x00000000fc000000)
  to   space 10240K, 0% used [0x00000000fac00000,0x00000000fac00000,0x00000000fb600000)
 ParOldGen       total 113664K, used 9303K [0x00000000e0000000, 0x00000000e6f00000, 0x00000000f5580000)
  object space 113664K, 8% used [0x00000000e0000000,0x00000000e0915ff0,0x00000000e6f00000)
 Metaspace       used 28234K, capacity 30558K, committed 30592K, reserved 1075200K
  class space    used 3789K, capacity 4197K, committed 4224K, reserved 1048576K
}

Deoptimization events (10 events):
Event: 1.394 Thread 0x00007ffb9877e000 Uncommon trap: reason=unstable_if action=reinterpret pc=0x00007ffb8952473c method=java.util.Arrays.equals([Ljava/lang/Object;[Ljava/lang/Object;)Z @ 65
Event: 1.408 Thread 0x00007ffb9877e000 Uncommon trap: reason=unstable_if action=reinterpret pc=0x00007ffb895aaa60 method=java.util.Properties$LineReader.readLine()I @ 252
Event: 1.408 Thread 0x00007ffb9877e000 Uncommon trap: reason=unstable_if action=reinterpret pc=0x00007ffb895971ac method=java.util.Properties$LineReader.readLine()I @ 252
Event: 1.503 Thread 0x00007ffb9877e000 Uncommon trap: reason=unstable_if action=reinterpret pc=0x00007ffb893933d0 method=sun.net.www.ParseUtil.encodePath(Ljava/lang/String;Z)Ljava/lang/String; @ 109
Event: 1.503 Thread 0x00007ffb9877e000 Uncommon trap: reason=unstable_if action=reinterpret pc=0x00007ffb892c8be8 method=sun.net.www.ParseUtil.encodePath(Ljava/lang/String;Z)Ljava/lang/String; @ 109
Event: 1.508 Thread 0x00007ffb9877e000 Uncommon trap: reason=unstable_if action=reinterpret pc=0x00007ffb897f7f44 method=java.lang.reflect.Method.equals(Ljava/lang/Object;)Z @ 49
Event: 1.513 Thread 0x00007ffb9877e000 Uncommon trap: reason=unstable_if action=reinterpret pc=0x00007ffb896e63fc method=org.springframework.util.ConcurrentReferenceHashMap$Segment.findInChain(Lorg/springframework/util/ConcurrentReferenceHashMap$Reference;Ljava/lang/Object;I)Lorg/springframewo
Event: 1.652 Thread 0x00007ffb9877e000 Uncommon trap: reason=class_check action=maybe_recompile pc=0x00007ffb894bb23c method=org.springframework.boot.context.properties.source.ConfigurationPropertyName$Elements.charAt(II)C @ 43
Event: 1.737 Thread 0x00007ffb9877e000 Uncommon trap: reason=bimorphic action=maybe_recompile pc=0x00007ffb895cce2c method=java.util.HashMap.putVal(ILjava/lang/Object;Ljava/lang/Object;ZZ)Ljava/lang/Object; @ 203
Event: 1.738 Thread 0x00007ffb9877e000 Uncommon trap: reason=bimorphic action=maybe_recompile pc=0x00007ffb895cce2c method=java.util.HashMap.putVal(ILjava/lang/Object;Ljava/lang/Object;ZZ)Ljava/lang/Object; @ 203

Classes redefined (0 events):
No events

Internal exceptions (10 events):
Event: 1.720 Thread 0x00007ffb9877e000 Exception <a 'java/lang/ClassNotFoundException': org/springframework/web/servlet/mvc/method/annotation/RequestMappingHandlerAdapterCustomizer> (0x00000000f69e6ca0) thrown at [/build/openjdk-8-ElpxQ7/openjdk-8-8u275-b01/src/hotspot/src/share/vm/classfile/s
Event: 1.721 Thread 0x00007ffb9877e000 Exception <a 'java/lang/ClassNotFoundException': org/springframework/beans/factory/BeanFactoryAwareCustomizer> (0x00000000f6a804e0) thrown at [/build/openjdk-8-ElpxQ7/openjdk-8-8u275-b01/src/hotspot/src/share/vm/classfile/systemDictionary.cpp, line 217]
Event: 1.721 Thread 0x00007ffb9877e000 Exception <a 'java/lang/ClassNotFoundException': org/springframework/beans/factory/AwareCustomizer> (0x00000000f6a97db8) thrown at [/build/openjdk-8-ElpxQ7/openjdk-8-8u275-b01/src/hotspot/src/share/vm/classfile/systemDictionary.cpp, line 217]
Event: 1.721 Thread 0x00007ffb9877e000 Exception <a 'java/lang/ClassNotFoundException': org/springframework/beans/factory/InitializingBeanCustomizer> (0x00000000f6ab0b00) thrown at [/build/openjdk-8-ElpxQ7/openjdk-8-8u275-b01/src/hotspot/src/share/vm/classfile/systemDictionary.cpp, line 217]
Event: 1.721 Thread 0x00007ffb9877e000 Exception <a 'java/lang/ClassNotFoundException': org/springframework/web/servlet/HandlerAdapterCustomizer> (0x00000000f6ac91b0) thrown at [/build/openjdk-8-ElpxQ7/openjdk-8-8u275-b01/src/hotspot/src/share/vm/classfile/systemDictionary.cpp, line 217]
Event: 1.722 Thread 0x00007ffb9877e000 Exception <a 'java/lang/ClassNotFoundException': org/springframework/core/OrderedCustomizer> (0x00000000f6adebf8) thrown at [/build/openjdk-8-ElpxQ7/openjdk-8-8u275-b01/src/hotspot/src/share/vm/classfile/systemDictionary.cpp, line 217]
Event: 1.722 Thread 0x00007ffb9877e000 Exception <a 'java/lang/ClassNotFoundException': org/springframework/web/context/ServletContextAwareCustomizer> (0x00000000f6af8b38) thrown at [/build/openjdk-8-ElpxQ7/openjdk-8-8u275-b01/src/hotspot/src/share/vm/classfile/systemDictionary.cpp, line 217]
Event: 1.722 Thread 0x00007ffb9877e000 Exception <a 'java/lang/ClassNotFoundException': org/springframework/beans/factory/AwareCustomizer> (0x00000000f6b0ff80) thrown at [/build/openjdk-8-ElpxQ7/openjdk-8-8u275-b01/src/hotspot/src/share/vm/classfile/systemDictionary.cpp, line 217]
Event: 1.722 Thread 0x00007ffb9877e000 Exception <a 'java/lang/ClassNotFoundException': org/springframework/context/ApplicationContextAwareCustomizer> (0x00000000f6b29280) thrown at [/build/openjdk-8-ElpxQ7/openjdk-8-8u275-b01/src/hotspot/src/share/vm/classfile/systemDictionary.cpp, line 217]
Event: 1.722 Thread 0x00007ffb9877e000 Exception <a 'java/lang/ClassNotFoundException': org/springframework/beans/factory/AwareCustomizer> (0x00000000f6b40c58) thrown at [/build/openjdk-8-ElpxQ7/openjdk-8-8u275-b01/src/hotspot/src/share/vm/classfile/systemDictionary.cpp, line 217]

Events (10 events):
Event: 1.749 loading class org/springframework/util/concurrent/SuccessCallback
Event: 1.749 loading class org/springframework/util/concurrent/SuccessCallback done
Event: 1.749 loading class org/springframework/util/concurrent/FailureCallback
Event: 1.749 loading class org/springframework/util/concurrent/FailureCallback done
Event: 1.749 loading class org/springframework/web/servlet/mvc/method/annotation/AsyncTaskMethodReturnValueHandler
Event: 1.749 loading class org/springframework/web/servlet/mvc/method/annotation/AsyncTaskMethodReturnValueHandler done
Event: 1.749 Thread 0x00007ffb9877e000 DEOPT PACKING pc=0x00007ffb89839f53 sp=0x00007ffb7bba8ca0
Event: 1.749 Thread 0x00007ffb9877e000 DEOPT UNPACKING pc=0x00007ffb890474c4 sp=0x00007ffb7bba8a20 mode 0
Event: 1.749 loading class org/springframework/web/servlet/mvc/method/annotation/ViewNameMethodReturnValueHandler
Event: 1.749 loading class org/springframework/web/servlet/mvc/method/annotation/ViewNameMethodReturnValueHandler done


Dynamic libraries:
e0000000-e6f00000 rw-p 00000000 00:00 0 
e6f00000-f5580000 ---p 00000000 00:00 0 
f5580000-fc200000 rw-p 00000000 00:00 0 
fc200000-100000000 ---p 00000000 00:00 0 
100000000-100440000 rw-p 00000000 00:00 0 
100440000-140000000 ---p 00000000 00:00 0 
55a424f24000-55a424f25000 r-xp 00000000 fd:01 11534420                   /usr/lib/jvm/java-8-openjdk-amd64/jre/bin/java
55a425124000-55a425125000 r--p 00000000 fd:01 11534420                   /usr/lib/jvm/java-8-openjdk-amd64/jre/bin/java
55a425125000-55a425126000 rw-p 00001000 fd:01 11534420                   /usr/lib/jvm/java-8-openjdk-amd64/jre/bin/java
55a426843000-55a426864000 rw-p 00000000 00:00 0                          [heap]
7ffb1c000000-7ffb1c072000 rw-p 00000000 00:00 0 
7ffb1c072000-7ffb20000000 ---p 00000000 00:00 0 
7ffb20000000-7ffb20229000 rw-p 00000000 00:00 0 
7ffb20229000-7ffb24000000 ---p 00000000 00:00 0 
7ffb24000000-7ffb2523d000 rw-p 00000000 00:00 0 
7ffb2523d000-7ffb28000000 ---p 00000000 00:00 0 
7ffb28000000-7ffb28021000 rw-p 00000000 00:00 0 
7ffb28021000-7ffb2c000000 ---p 00000000 00:00 0 
7ffb2c000000-7ffb2c021000 rw-p 00000000 00:00 0 
7ffb2c021000-7ffb30000000 ---p 00000000 00:00 0 
7ffb30000000-7ffb30021000 rw-p 00000000 00:00 0 
7ffb30021000-7ffb34000000 ---p 00000000 00:00 0 
7ffb34000000-7ffb351af000 rw-p 00000000 00:00 0 
7ffb351af000-7ffb38000000 ---p 00000000 00:00 0 
7ffb38000000-7ffb390f2000 rw-p 00000000 00:00 0 
7ffb390f2000-7ffb3c000000 ---p 00000000 00:00 0 
7ffb3c000000-7ffb3d10c000 rw-p 00000000 00:00 0 
7ffb3d10c000-7ffb40000000 ---p 00000000 00:00 0 
7ffb40000000-7ffb41275000 rw-p 00000000 00:00 0 
7ffb41275000-7ffb44000000 ---p 00000000 00:00 0 
7ffb44000000-7ffb44021000 rw-p 00000000 00:00 0 
7ffb44021000-7ffb48000000 ---p 00000000 00:00 0 
7ffb48000000-7ffb48021000 rw-p 00000000 00:00 0 
7ffb48021000-7ffb4c000000 ---p 00000000 00:00 0 
7ffb4c000000-7ffb4c021000 rw-p 00000000 00:00 0 
7ffb4c021000-7ffb50000000 ---p 00000000 00:00 0 
7ffb50000000-7ffb50021000 rw-p 00000000 00:00 0 
7ffb50021000-7ffb54000000 ---p 00000000 00:00 0 
7ffb54000000-7ffb54021000 rw-p 00000000 00:00 0 
7ffb54021000-7ffb58000000 ---p 00000000 00:00 0 
7ffb58000000-7ffb58021000 rw-p 00000000 00:00 0 
7ffb58021000-7ffb5c000000 ---p 00000000 00:00 0 
7ffb5c000000-7ffb5c021000 rw-p 00000000 00:00 0 
7ffb5c021000-7ffb60000000 ---p 00000000 00:00 0 
7ffb64000000-7ffb64021000 rw-p 00000000 00:00 0 
7ffb64021000-7ffb68000000 ---p 00000000 00:00 0 
7ffb6c000000-7ffb6c021000 rw-p 00000000 00:00 0 
7ffb6c021000-7ffb70000000 ---p 00000000 00:00 0 
7ffb74000000-7ffb74021000 rw-p 00000000 00:00 0 
7ffb74021000-7ffb78000000 ---p 00000000 00:00 0 
7ffb7931f000-7ffb79651000 rw-p 00000000 00:00 0 
7ffb79651000-7ffb79791000 ---p 00000000 00:00 0 
7ffb799ff000-7ffb79bff000 rw-p 00000000 00:00 0 
7ffb79d55000-7ffb79f55000 rw-p 00000000 00:00 0 
7ffb79f55000-7ffb7a155000 rw-p 00000000 00:00 0 
7ffb7a155000-7ffb7a355000 rw-p 00000000 00:00 0 
7ffb7a355000-7ffb7a555000 rw-p 00000000 00:00 0 
7ffb7a555000-7ffb7a558000 ---p 00000000 00:00 0 
7ffb7a558000-7ffb7a656000 rw-p 00000000 00:00 0 
7ffb7a656000-7ffb7a66d000 r-xp 00000000 fd:01 28442991                   /lib/x86_64-linux-gnu/libresolv-2.27.so
7ffb7a66d000-7ffb7a86c000 ---p 00017000 fd:01 28442991                   /lib/x86_64-linux-gnu/libresolv-2.27.so
7ffb7a86c000-7ffb7a86d000 r--p 00016000 fd:01 28442991                   /lib/x86_64-linux-gnu/libresolv-2.27.so
7ffb7a86d000-7ffb7a86e000 rw-p 00017000 fd:01 28442991                   /lib/x86_64-linux-gnu/libresolv-2.27.so
7ffb7a86e000-7ffb7a870000 rw-p 00000000 00:00 0 
7ffb7a870000-7ffb7a875000 r-xp 00000000 fd:01 28442984                   /lib/x86_64-linux-gnu/libnss_dns-2.27.so
7ffb7a875000-7ffb7aa75000 ---p 00005000 fd:01 28442984                   /lib/x86_64-linux-gnu/libnss_dns-2.27.so
7ffb7aa75000-7ffb7aa76000 r--p 00005000 fd:01 28442984                   /lib/x86_64-linux-gnu/libnss_dns-2.27.so
7ffb7aa76000-7ffb7aa77000 rw-p 00006000 fd:01 28442984                   /lib/x86_64-linux-gnu/libnss_dns-2.27.so
7ffb7aa77000-7ffb7aa79000 r-xp 00000000 fd:01 28447388                   /lib/x86_64-linux-gnu/libnss_mdns4_minimal.so.2
7ffb7aa79000-7ffb7ac78000 ---p 00002000 fd:01 28447388                   /lib/x86_64-linux-gnu/libnss_mdns4_minimal.so.2
7ffb7ac78000-7ffb7ac79000 r--p 00001000 fd:01 28447388                   /lib/x86_64-linux-gnu/libnss_mdns4_minimal.so.2
7ffb7ac79000-7ffb7ac7a000 rw-p 00002000 fd:01 28447388                   /lib/x86_64-linux-gnu/libnss_mdns4_minimal.so.2
7ffb7ac7a000-7ffb7ac85000 r-xp 00000000 fd:01 28442985                   /lib/x86_64-linux-gnu/libnss_files-2.27.so
7ffb7ac85000-7ffb7ae84000 ---p 0000b000 fd:01 28442985                   /lib/x86_64-linux-gnu/libnss_files-2.27.so
7ffb7ae84000-7ffb7ae85000 r--p 0000a000 fd:01 28442985                   /lib/x86_64-linux-gnu/libnss_files-2.27.so
7ffb7ae85000-7ffb7ae86000 rw-p 0000b000 fd:01 28442985                   /lib/x86_64-linux-gnu/libnss_files-2.27.so
7ffb7ae86000-7ffb7ae8c000 rw-p 00000000 00:00 0 
7ffb7aea3000-7ffb7aeac000 r-xp 00000000 fd:01 11542341                   /usr/lib/jvm/java-8-openjdk-amd64/jre/lib/amd64/libmanagement.so
7ffb7aeac000-7ffb7b0ab000 ---p 00009000 fd:01 11542341                   /usr/lib/jvm/java-8-openjdk-amd64/jre/lib/amd64/libmanagement.so
7ffb7b0ab000-7ffb7b0ac000 r--p 00008000 fd:01 11542341                   /usr/lib/jvm/java-8-openjdk-amd64/jre/lib/amd64/libmanagement.so
7ffb7b0ac000-7ffb7b0ad000 rw-p 00009000 fd:01 11542341                   /usr/lib/jvm/java-8-openjdk-amd64/jre/lib/amd64/libmanagement.so
7ffb7b0ad000-7ffb7b2ad000 rw-p 00000000 00:00 0 
7ffb7b2ad000-7ffb7b4ad000 rw-p 00000000 00:00 0 
7ffb7b4ad000-7ffb7b6ad000 rw-p 00000000 00:00 0 
7ffb7b6ad000-7ffb7b8ad000 rw-p 00000000 00:00 0 
7ffb7b8ad000-7ffb7b8b0000 ---p 00000000 00:00 0 
7ffb7b8b0000-7ffb7b9ae000 rw-p 00000000 00:00 0 
7ffb7b9ae000-7ffb7b9b1000 ---p 00000000 00:00 0 
7ffb7b9b1000-7ffb7baaf000 rw-p 00000000 00:00 0 
7ffb7baaf000-7ffb7bab2000 ---p 00000000 00:00 0 
7ffb7bab2000-7ffb7bbb0000 rw-p 00000000 00:00 0 
7ffb7bbb0000-7ffb7bbb2000 r--s 0000c000 fd:01 23601487                   /home/diego.yarleque/.gradle/caches/modules-2/files-2.1/org.ow2.asm/asm/5.0.4/da08b8cce7bbf903602a25a3a163ae252435795/asm-5.0.4.jar
7ffb7bbb2000-7ffb7bbb8000 r--s 00042000 fd:01 23598401                   /home/diego.yarleque/.gradle/caches/modules-2/files-2.1/org.apache.logging.log4j/log4j-api/2.13.3/ec1508160b93d274b1add34419b897bae84c6ca9/log4j-api-2.13.3.jar
7ffb7bbb8000-7ffb7bbc3000 r--s 00069000 fd:01 23601425                   /home/diego.yarleque/.gradle/caches/modules-2/files-2.1/ch.qos.logback/logback-core/1.2.3/864344400c3d4d92dfeb0a305dc87d953677c03c/logback-core-1.2.3.jar
7ffb7bbc3000-7ffb7bbc4000 r--s 00001000 fd:01 23596141                   /home/diego.yarleque/.gradle/caches/modules-2/files-2.1/org.opentest4j/opentest4j/1.2.0/28c11eb91f9b6d8e200631d46e20a7f407f2a046/opentest4j-1.2.0.jar
7ffb7bbc4000-7ffb7bbc5000 r--s 00000000 fd:01 23596139                   /home/diego.yarleque/.gradle/caches/modules-2/files-2.1/org.apiguardian/apiguardian-api/1.1.0/fc9dff4bb36d627bdc553de77e1f17efd790876c/apiguardian-api-1.1.0.jar
7ffb7bbc5000-7ffb7bbc7000 r--s 00006000 fd:01 23601486                   /home/diego.yarleque/.gradle/caches/modules-2/files-2.1/net.minidev/accessors-smart/1.2/c592b500269bfde36096641b01238a8350f8aa31/accessors-smart-1.2.jar
7ffb7bbc7000-7ffb7bbcb000 r--s 00052000 fd:01 23599311                   /home/diego.yarleque/.gradle/caches/modules-2/files-2.1/com.fasterxml.jackson.core/jackson-core/2.11.3/c2351800432bdbdd8284c3f5a7f0782a352aa84a/jackson-core-2.11.3.jar
7ffb7bbcb000-7ffb7bbce000 r--s 0000e000 fd:01 23600722                   /home/diego.yarleque/.gradle/caches/modules-2/files-2.1/com.fasterxml.jackson.core/jackson-annotations/2.11.3/25d4e9c777e7a8805c4a000a8629d3009c779c9b/jackson-annotations-2.11.3.jar
7ffb7bbce000-7ffb7bbcf000 r--s 00005000 fd:01 23601320                   /home/diego.yarleque/.gradle/caches/modules-2/files-2.1/org.springframework/spring-jcl/5.3.1/1158888aa7517f8997eb43afe47776d9d2de8a38/spring-jcl-5.3.1.jar
7ffb7bbcf000-7ffb7bbd0000 r--s 00004000 fd:01 23601485                   /home/diego.yarleque/.gradle/caches/modules-2/files-2.1/com.vaadin.external.google/android-json/0.0.20131108.vaadin1/fa26d351fe62a6a17f5cda1287c1c6110dec413f/android-json-0.0.20131108.vaadin1.jar
7ffb7bbd0000-7ffb7bbd2000 r--s 0000d000 fd:01 23595906                   /home/diego.yarleque/.gradle/caches/modules-2/files-2.1/org.objenesis/objenesis/3.1/48f12deaae83a8dfc3775d830c9fd60ea59bbbca/objenesis-3.1.jar
7ffb7bbd2000-7ffb7bbd5000 r--s 0003d000 fd:01 23601484                   /home/diego.yarleque/.gradle/caches/modules-2/files-2.1/net.bytebuddy/byte-buddy-agent/1.10.18/1070e69ef571b326d91819b57bd06fd7efc60819/byte-buddy-agent-1.10.18.jar
7ffb7bbd5000-7ffb7bc20000 r--s 0030b000 fd:01 23601483                   /home/diego.yarleque/.gradle/caches/modules-2/files-2.1/net.bytebuddy/byte-buddy/1.10.18/20240291b4f14ffe986e45468b1f1a3c15edc37c/byte-buddy-1.10.18.jar
7ffb7bc20000-7ffb7bc22000 r--s 0000a000 fd:01 23599249                   /home/diego.yarleque/.gradle/caches/modules-2/files-2.1/jakarta.activation/jakarta.activation-api/1.2.2/99f53adba383cb1bf7c3862844488574b559621f/jakarta.activation-api-1.2.2.jar
7ffb7bc22000-7ffb7bc24000 r--s 00009000 fd:01 23595882                   /home/diego.yarleque/.gradle/caches/modules-2/files-2.1/org.slf4j/slf4j-api/1.7.30/b5a4b6d16ab13e34a88fae84c35cd5d68cac922c/slf4j-api-1.7.30.jar
7ffb7bc24000-7ffb7bc26000 r--s 00000000 fd:01 23599062                   /home/diego.yarleque/.gradle/caches/modules-2/files-2.1/org.slf4j/jul-to-slf4j/1.7.30/d58bebff8cbf70ff52b59208586095f467656c30/jul-to-slf4j-1.7.30.jar
7ffb7bc26000-7ffb7bc28000 r--s 00003000 fd:01 23601424                   /home/diego.yarleque/.gradle/caches/modules-2/files-2.1/org.apache.logging.log4j/log4j-to-slf4j/2.13.3/966f6fd1af4959d6b12bfa880121d4a2b164f857/log4j-to-slf4j-2.13.3.jar
7ffb7bc28000-7ffb7bc2e000 r--s 00041000 fd:01 23601423                   /home/diego.yarleque/.gradle/caches/modules-2/files-2.1/ch.qos.logback/logback-classic/1.2.3/7c4f3c474fb2c041d8028740440937705ebb473a/logback-classic-1.2.3.jar
7ffb7bc2e000-7ffb7bc31000 r--s 0001b000 fd:01 23601482                   /home/diego.yarleque/.gradle/caches/modules-2/files-2.1/net.minidev/json-smart/2.3/7396407491352ce4fa30de92efb158adb76b5b/json-smart-2.3.jar
7ffb7bc31000-7ffb7bc36000 r--s 00036000 fd:01 23596059                   /home/diego.yarleque/.gradle/caches/modules-2/files-2.1/org.glassfish/jakarta.el/3.0.3/dab46ee1ee23f7197c13d7c40fce14817c9017df/jakarta.el-3.0.3.jar
7ffb7bc36000-7ffb7bc61000 r--s 00311000 fd:01 23601422                   /home/diego.yarleque/.gradle/caches/modules-2/files-2.1/org.apache.tomcat.embed/tomcat-embed-core/9.0.39/d82e926b31f06e96fccf552e41f1b8b1615d96dc/tomcat-embed-core-9.0.39.jar
7ffb7bc61000-7ffb7bc67000 r--s 0003d000 fd:01 23601421                   /home/diego.yarleque/.gradle/caches/modules-2/files-2.1/org.apache.tomcat.embed/tomcat-embed-websocket/9.0.39/7b9607722206ba3045331159a29deb1ffc0f2cdf/tomcat-embed-websocket-9.0.39.jar
7ffb7bc67000-7ffb7bc7d000 r--s 00146000 fd:01 23599301                   /home/diego.yarleque/.gradle/caches/modules-2/files-2.1/com.fasterxml.jackson.core/jackson-databind/2.11.3/4f7b27416934dc929bb6c2d2c5fe521829e6a4ec/jackson-databind-2.11.3.jar
7ffb7bc7d000-7ffb7bc7f000 r--s 00001000 fd:01 23601313                   /home/diego.yarleque/.gradle/caches/modules-2/files-2.1/com.fasterxml.jackson.module/jackson-module-parameter-names/2.11.3/ab66d5c5b8008161ae89be8a3d98efff9ef1b915/jackson-module-parameter-names-2.11.3.jar
7ffb7bc7f000-7ffb7bc83000 r--s 00018000 fd:01 23601420                   /home/diego.yarleque/.gradle/caches/modules-2/files-2.1/com.fasterxml.jackson.datatype/jackson-datatype-jsr310/2.11.3/dd53d93fd448b345eeb75bec336d9c91dc56b796/jackson-datatype-jsr310-2.11.3.jar
7ffb7bc83000-7ffb7bc85000 r--s 00007000 fd:01 23601419                   /home/diego.yarleque/.gradle/caches/modules-2/files-2.1/com.fasterxml.jackson.datatype/jackson-datatype-jdk8/2.11.3/dcdfce3e4af9da18d69b1be6f3d7c91256105831/jackson-datatype-jdk8-2.11.3.jar
7ffb7bc85000-7ffb7bc8c000 r--s 00045000 fd:01 23600287                   /home/diego.yarleque/.gradle/caches/modules-2/files-2.1/org.yaml/snakeyaml/1.27/359d62567480b07a679dc643f82fc926b100eed5/snakeyaml-1.27.jar
7ffb7bc8c000-7ffb7bc8e000 r--s 00005000 fd:01 23596057                   /home/diego.yarleque/.gradle/caches/modules-2/files-2.1/jakarta.annotation/jakarta.annotation-api/1.3.5/59eb84ee0d616332ff44aba065f3888cf002cd2d/jakarta.annotation-api-1.3.5.jar
7ffb7bc8e000-7ffb7bc93000 r--s 00025000 fd:01 23599549                   /home/diego.yarleque/.gradle/caches/modules-2/files-2.1/org.xmlunit/xmlunit-core/2.7.0/4d014eac96329c70175116b185749765cee0aad5/xmlunit-core-2.7.0.jar
7ffb7bc93000-7ffb7bcaf000 r--s 0014a000 fd:01 23601316                   /home/diego.yarleque/.gradle/caches/modules-2/files-2.1/org.springframework/spring-core/5.3.1/47af5b161749cd249fc074b4f140e011a3337efd/spring-core-5.3.1.jar
7ffb7bcaf000-7ffb7bcb4000 r--s 00040000 fd:01 23601418                   /home/diego.yarleque/.gradle/caches/modules-2/files-2.1/org.springframework/spring-expression/5.3.1/aee660842a21fbf49f6e5921aa07974f1650c498/spring-expression-5.3.1.jar
7ffb7bcb4000-7ffb7bcc0000 r--s 0009e000 fd:01 23601417                   /home/diego.yarleque/.gradle/caches/modules-2/files-2.1/org.springframework/spring-beans/5.3.1/a4bb5ffad5564e4a0e25955e3a40b1c6158385b2/spring-beans-5.3.1.jar
7ffb7bcc0000-7ffb7bcc9000 r--s 00053000 fd:01 23601416                   /home/diego.yarleque/.gradle/caches/modules-2/files-2.1/org.springframework/spring-aop/5.3.1/25c310880484082ffba3130deb8e10c5afb29f10/spring-aop-5.3.1.jar
7ffb7bcc9000-7ffb7bce5000 r--s 00114000 fd:01 23601415                   /home/diego.yarleque/.gradle/caches/modules-2/files-2.1/org.springframework/spring-context/5.3.1/736836c8098981ddabd309a0c15f967594da62bc/spring-context-5.3.1.jar
7ffb7bce5000-7ffb7bd01000 r--s 00122000 fd:01 23601413                   /home/diego.yarleque/.gradle/caches/modules-2/files-2.1/org.springframework.boot/spring-boot/2.4.0/d8c0caa04526c8cc1dfcbb9c5badae3c99c49884/spring-boot-2.4.0.jar
7ffb7bd01000-7ffb7bd2c000 r--s 0014d000 fd:01 23601412                   /home/diego.yarleque/.gradle/caches/modules-2/files-2.1/org.springframework.boot/spring-boot-autoconfigure/2.4.0/e1f7cd3b65e4706fbe3160c76f5815d4dbc79915/spring-boot-autoconfigure-2.4.0.jar
7ffb7bd2c000-7ffb7bd3c000 r--s 000a8000 fd:01 23601481                   /home/diego.yarleque/.gradle/caches/modules-2/files-2.1/org.springframework/spring-test/5.3.1/ebf8958b28f675897640d1b425a1dbb0bd7c80dd/spring-test-5.3.1.jar
7ffb7bd3c000-7ffb7bd3e000 r--s 00006000 fd:01 23601480                   /home/diego.yarleque/.gradle/caches/modules-2/files-2.1/org.skyscreamer/jsonassert/1.5.0/6c9d5fe2f59da598d9aefc1cfc6528ff3cf32df3/jsonassert-1.5.0.jar
7ffb7bd3e000-7ffb7bd51000 r--s 00092000 fd:01 23601479                   /home/diego.yarleque/.gradle/caches/modules-2/files-2.1/org.mockito/mockito-core/3.6.0/48657987075fea2e2176634ae35aaa5e93c929ef/mockito-core-3.6.0.jar
7ffb7bd51000-7ffb7bd54000 r--s 00016000 fd:01 23601476                   /home/diego.yarleque/.gradle/caches/modules-2/files-2.1/org.junit.platform/junit-platform-commons/1.7.0/84e309fbf21d857aac079a3c1fffd84284e1114d/junit-platform-commons-1.7.0.jar
7ffb7bd54000-7ffb7bd59000 r--s 00028000 fd:01 23601489                   /home/diego.yarleque/.gradle/caches/modules-2/files-2.1/org.junit.platform/junit-platform-engine/1.7.0/eadb73c5074a4ac71061defd00fc176152a4d12c/junit-platform-engine-1.7.0.jar
7ffb7bd59000-7ffb7bd5e000 r--s 00026000 fd:01 23601475                   /home/diego.yarleque/.gradle/caches/modules-2/files-2.1/org.junit.jupiter/junit-jupiter-api/5.7.0/b25f3815c4c1860a73041e733a14a0379d00c4d5/junit-jupiter-api-5.7.0.jar
7ffb7bd5e000-7ffb7bd62000 r--s 00030000 fd:01 23601488                   /home/diego.yarleque/.gradle/caches/modules-2/files-2.1/org.junit.jupiter/junit-jupiter-engine/5.7.0/d9044d6b45e2232ddd53fa56c15333e43d1749fd/junit-jupiter-engine-5.7.0.jar
7ffb7bd62000-7ffb7bd6f000 r--s 0007e000 fd:01 23601474                   /home/diego.yarleque/.gradle/caches/modules-2/files-2.1/org.junit.jupiter/junit-jupiter-params/5.7.0/521dbecace93d5d7ef13a74aab231befd7954424/junit-jupiter-params-5.7.0.jar
7ffb7bd6f000-7ffb7bd73000 r--s 0001b000 fd:01 23601473                   /home/diego.yarleque/.gradle/caches/modules-2/files-2.1/org.hamcrest/hamcrest/2.2/1820c0968dba3a11a1b30669bb1f01978a91dedc/hamcrest-2.2.jar
7ffb7bd73000-7ffb7bddc000 r--s 00428000 fd:01 23601472                   /home/diego.yarleque/.gradle/caches/modules-2/files-2.1/org.assertj/assertj-core/3.18.1/aaa02680dd92a568a4278bb40aa4a6305f632ec0/assertj-core-3.18.1.jar
7ffb7bddc000-7ffb7bde0000 r--s 00019000 fd:01 23599240                   /home/diego.yarleque/.gradle/caches/modules-2/files-2.1/jakarta.xml.bind/jakarta.xml.bind-api/2.3.3/48e3b9cfc10752fba3521d6511f4165bea951801/jakarta.xml.bind-api-2.3.3.jar
7ffb7bde0000-7ffb7bdfe000 r--s 0015c000 fd:01 23601411                   /home/diego.yarleque/.gradle/caches/modules-2/files-2.1/org.springframework/spring-web/5.3.1/4e1e1d1c6b5a00597162db84132414c409bcf615/spring-web-5.3.1.jar
7ffb7bdfe000-7ffb7bdff000 ---p 00000000 00:00 0 
7ffb7bdff000-7ffb7beff000 rw-p 00000000 00:00 0 
7ffb7beff000-7ffb7bf02000 ---p 00000000 00:00 0 
7ffb7bf02000-7ffb7c000000 rw-p 00000000 00:00 0 
7ffb7c000000-7ffb7c021000 rw-p 00000000 00:00 0 
7ffb7c021000-7ffb80000000 ---p 00000000 00:00 0 
7ffb80000000-7ffb80001000 r--s 00001000 fd:01 23601414                   /home/diego.yarleque/.gradle/caches/modules-2/files-2.1/org.springframework.boot/spring-boot-starter-logging/2.4.0/4f1ba27a364170a26bbd448b14ba3907d21f2154/spring-boot-starter-logging-2.4.0.jar
7ffb80001000-7ffb80002000 r--s 00001000 fd:01 23601477                   /home/diego.yarleque/.gradle/caches/modules-2/files-2.1/org.junit.jupiter/junit-jupiter/5.7.0/3152d152da916ccbb0715f89f7f873f45362ad7f/junit-jupiter-5.7.0.jar
7ffb80002000-7ffb80003000 r--s 00001000 fd:01 23601478                   /home/diego.yarleque/.gradle/caches/modules-2/files-2.1/org.mockito/mockito-junit-jupiter/3.6.0/c06e9d5514c82f27707693a4195182415874f0d4/mockito-junit-jupiter-3.6.0.jar
7ffb80003000-7ffb80009000 r--s 00031000 fd:01 23601471                   /home/diego.yarleque/.gradle/caches/modules-2/files-2.1/com.jayway.jsonpath/json-path/2.4.0/765a4401ceb2dc8d40553c2075eb80a8fa35c2ae/json-path-2.4.0.jar
7ffb80009000-7ffb8000f000 r--s 00030000 fd:01 23601470                   /home/diego.yarleque/.gradle/caches/modules-2/files-2.1/org.springframework.boot/spring-boot-test/2.4.0/78f2e72e93fb1a687af129df2d1d0e07825a76f8/spring-boot-test-2.4.0.jar
7ffb8000f000-7ffb80016000 r--s 00026000 fd:01 23601469                   /home/diego.yarleque/.gradle/caches/modules-2/files-2.1/org.springframework.boot/spring-boot-test-autoconfigure/2.4.0/7604f9cff134480fdd8a711befabb7ba44b3bbab/spring-boot-test-autoconfigure-2.4.0.jar
7ffb80016000-7ffb80028000 r--s 000e0000 fd:01 23601410                   /home/diego.yarleque/.gradle/caches/modules-2/files-2.1/org.springframework/spring-webmvc/5.3.1/17493978f251b7e51393cdf19f4f51af9c1f04f2/spring-webmvc-5.3.1.jar
7ffb80028000-7ffb80029000 r--s 00001000 fd:01 23601409                   /home/diego.yarleque/.gradle/caches/modules-2/files-2.1/org.springframework.boot/spring-boot-starter-tomcat/2.4.0/479b11585d1015a4c27f605d94ace7de57dd06d1/spring-boot-starter-tomcat-2.4.0.jar
7ffb80029000-7ffb8002a000 r--s 00001000 fd:01 23601408                   /home/diego.yarleque/.gradle/caches/modules-2/files-2.1/org.springframework.boot/spring-boot-starter/2.4.0/26162567b7644e6d245b9d8dcf6fd4efb2bf74f4/spring-boot-starter-2.4.0.jar
7ffb8002a000-7ffb8002b000 r--s 00001000 fd:01 23601407                   /home/diego.yarleque/.gradle/caches/modules-2/files-2.1/org.springframework.boot/spring-boot-starter-json/2.4.0/e688a97ab229ae5a4a0c3ccb3f4419c9457a25b6/spring-boot-starter-json-2.4.0.jar
7ffb8002b000-7ffb8002c000 r--s 00001000 fd:01 23601468                   /home/diego.yarleque/.gradle/caches/modules-2/files-2.1/org.springframework.boot/spring-boot-starter-test/2.4.0/3578b990edab0595cd0e2bc300ba14d72e80f752/spring-boot-starter-test-2.4.0.jar
7ffb8002c000-7ffb8002d000 r--s 00001000 fd:01 23601406                   /home/diego.yarleque/.gradle/caches/modules-2/files-2.1/org.springframework.boot/spring-boot-starter-web/2.4.0/4bdd422c370d1d66ffc12ecafdecc70cad406367/spring-boot-starter-web-2.4.0.jar
7ffb8002d000-7ffb8003e000 r--s 001bc000 fd:01 11547255                   /usr/lib/jvm/java-8-openjdk-amd64/jre/lib/jsse.jar
7ffb8003e000-7ffb80040000 r--s 00016000 fd:01 19270989                   /home/diego.yarleque/.gradle/wrapper/dists/gradle-6.6.1-bin/du4tvj86lhti6iga1v8h7pckb/gradle-6.6.1/lib/plugins/junit-platform-commons-1.6.2.jar
7ffb80040000-7ffb80043000 r--s 0001b000 fd:01 19270990                   /home/diego.yarleque/.gradle/wrapper/dists/gradle-6.6.1-bin/du4tvj86lhti6iga1v8h7pckb/gradle-6.6.1/lib/plugins/junit-platform-launcher-1.6.2.jar
7ffb80043000-7ffb80048000 r--s 00026000 fd:01 19270988                   /home/diego.yarleque/.gradle/wrapper/dists/gradle-6.6.1-bin/du4tvj86lhti6iga1v8h7pckb/gradle-6.6.1/lib/plugins/junit-platform-engine-1.6.2.jar
7ffb80048000-7ffb80052000 r--s 00054000 fd:01 19270987                   /home/diego.yarleque/.gradle/wrapper/dists/gradle-6.6.1-bin/du4tvj86lhti6iga1v8h7pckb/gradle-6.6.1/lib/plugins/junit-4.13.jar
7ffb80052000-7ffb80057000 r--s 00041000 fd:01 19139564                   /home/diego.yarleque/.gradle/wrapper/dists/gradle-6.6.1-bin/du4tvj86lhti6iga1v8h7pckb/gradle-6.6.1/lib/commons-lang-2.6.jar
7ffb80057000-7ffb8005d000 r--s 0004d000 fd:01 19139629                   /home/diego.yarleque/.gradle/wrapper/dists/gradle-6.6.1-bin/du4tvj86lhti6iga1v8h7pckb/gradle-6.6.1/lib/kryo-2.24.0.jar
7ffb8005d000-7ffb80062000 r--s 0001f000 fd:01 19139630                   /home/diego.yarleque/.gradle/wrapper/dists/gradle-6.6.1-bin/du4tvj86lhti6iga1v8h7pckb/gradle-6.6.1/lib/native-platform-0.22-milestone-4.jar
7ffb80062000-7ffb80064000 r--s 00000000 fd:01 19139557                   /home/diego.yarleque/.gradle/wrapper/dists/gradle-6.6.1-bin/du4tvj86lhti6iga1v8h7pckb/gradle-6.6.1/lib/jul-to-slf4j-1.7.28.jar
7ffb80064000-7ffb80066000 r--s 00009000 fd:01 19139560                   /home/diego.yarleque/.gradle/wrapper/dists/gradle-6.6.1-bin/du4tvj86lhti6iga1v8h7pckb/gradle-6.6.1/lib/slf4j-api-1.7.28.jar
7ffb80066000-7ffb80068000 r--s 00006000 fd:01 19139539                   /home/diego.yarleque/.gradle/wrapper/dists/gradle-6.6.1-bin/du4tvj86lhti6iga1v8h7pckb/gradle-6.6.1/lib/gradle-process-services-6.6.1.jar
7ffb80068000-7ffb8006c000 r--s 0001d000 fd:01 19270927                   /home/diego.yarleque/.gradle/wrapper/dists/gradle-6.6.1-bin/du4tvj86lhti6iga1v8h7pckb/gradle-6.6.1/lib/plugins/gradle-testing-jvm-6.6.1.jar
7ffb8006c000-7ffb80074000 r--s 00035000 fd:01 19270932                   /home/diego.yarleque/.gradle/wrapper/dists/gradle-6.6.1-bin/du4tvj86lhti6iga1v8h7pckb/gradle-6.6.1/lib/plugins/gradle-testing-base-6.6.1.jar
7ffb80074000-7ffb80077000 r--s 0000d000 fd:01 19139542                   /home/diego.yarleque/.gradle/wrapper/dists/gradle-6.6.1-bin/du4tvj86lhti6iga1v8h7pckb/gradle-6.6.1/lib/gradle-native-6.6.1.jar
7ffb80077000-7ffb80079000 r--s 00005000 fd:01 19139547                   /home/diego.yarleque/.gradle/wrapper/dists/gradle-6.6.1-bin/du4tvj86lhti6iga1v8h7pckb/gradle-6.6.1/lib/gradle-cli-6.6.1.jar
7ffb80079000-7ffb80086000 r--s 00065000 fd:01 19139544                   /home/diego.yarleque/.gradle/wrapper/dists/gradle-6.6.1-bin/du4tvj86lhti6iga1v8h7pckb/gradle-6.6.1/lib/gradle-base-services-6.6.1.jar
7ffb80086000-7ffb8008e000 r--s 00032000 fd:01 19139541                   /home/diego.yarleque/.gradle/wrapper/dists/gradle-6.6.1-bin/du4tvj86lhti6iga1v8h7pckb/gradle-6.6.1/lib/gradle-messaging-6.6.1.jar
7ffb8008e000-7ffb80096000 r--s 0003c000 fd:01 19139537                   /home/diego.yarleque/.gradle/wrapper/dists/gradle-6.6.1-bin/du4tvj86lhti6iga1v8h7pckb/gradle-6.6.1/lib/gradle-logging-6.6.1.jar
7ffb80096000-7ffb800d2000 r--s 00216000 fd:01 19139528                   /home/diego.yarleque/.gradle/wrapper/dists/gradle-6.6.1-bin/du4tvj86lhti6iga1v8h7pckb/gradle-6.6.1/lib/gradle-core-6.6.1.jar
7ffb800d2000-7ffb800e1000 r--s 00047000 fd:01 19139534                   /home/diego.yarleque/.gradle/wrapper/dists/gradle-6.6.1-bin/du4tvj86lhti6iga1v8h7pckb/gradle-6.6.1/lib/gradle-core-api-6.6.1.jar
7ffb800e1000-7ffb800e2000 ---p 00000000 00:00 0 
7ffb800e2000-7ffb800e5000 ---p 00000000 00:00 0 
7ffb800e5000-7ffb801e2000 rw-p 00000000 00:00 0 
7ffb801e2000-7ffb801e3000 ---p 00000000 00:00 0 
7ffb801e3000-7ffb801e6000 ---p 00000000 00:00 0 
7ffb801e6000-7ffb802e3000 rw-p 00000000 00:00 0 
7ffb802e3000-7ffb802e4000 ---p 00000000 00:00 0 
7ffb802e4000-7ffb802e7000 ---p 00000000 00:00 0 
7ffb802e7000-7ffb803e4000 rw-p 00000000 00:00 0 
7ffb803e4000-7ffb803e5000 ---p 00000000 00:00 0 
7ffb803e5000-7ffb803e8000 ---p 00000000 00:00 0 
7ffb803e8000-7ffb804e5000 rw-p 00000000 00:00 0 
7ffb804e5000-7ffb804e8000 ---p 00000000 00:00 0 
7ffb804e8000-7ffb805e6000 rw-p 00000000 00:00 0 
7ffb805e6000-7ffb805f0000 r--s 00117000 fd:01 11543531                   /usr/lib/jvm/java-8-openjdk-amd64/jre/lib/ext/localedata.jar
7ffb805f0000-7ffb8060b000 r--s 00394000 fd:01 11542379                   /usr/lib/jvm/java-8-openjdk-amd64/jre/lib/ext/cldrdata.jar
7ffb8060b000-7ffb80626000 r--s 001d6000 fd:01 11543533                   /usr/lib/jvm/java-8-openjdk-amd64/jre/lib/ext/nashorn.jar
7ffb80626000-7ffb80657000 rw-p 00000000 00:00 0 
7ffb80657000-7ffb8066f000 r-xp 00000000 fd:01 11542343                   /usr/lib/jvm/java-8-openjdk-amd64/jre/lib/amd64/libnet.so
7ffb8066f000-7ffb8086e000 ---p 00018000 fd:01 11542343                   /usr/lib/jvm/java-8-openjdk-amd64/jre/lib/amd64/libnet.so
7ffb8086e000-7ffb8086f000 r--p 00017000 fd:01 11542343                   /usr/lib/jvm/java-8-openjdk-amd64/jre/lib/amd64/libnet.so
7ffb8086f000-7ffb80870000 rw-p 00018000 fd:01 11542343                   /usr/lib/jvm/java-8-openjdk-amd64/jre/lib/amd64/libnet.so
7ffb80870000-7ffb80882000 r-xp 00000000 fd:01 11542344                   /usr/lib/jvm/java-8-openjdk-amd64/jre/lib/amd64/libnio.so
7ffb80882000-7ffb80a81000 ---p 00012000 fd:01 11542344                   /usr/lib/jvm/java-8-openjdk-amd64/jre/lib/amd64/libnio.so
7ffb80a81000-7ffb80a82000 r--p 00011000 fd:01 11542344                   /usr/lib/jvm/java-8-openjdk-amd64/jre/lib/amd64/libnio.so
7ffb80a82000-7ffb80a83000 rw-p 00012000 fd:01 11542344                   /usr/lib/jvm/java-8-openjdk-amd64/jre/lib/amd64/libnio.so
7ffb80a83000-7ffb80d62000 r--p 00000000 fd:01 11538974                   /usr/lib/locale/locale-archive
7ffb80d62000-7ffb80d65000 ---p 00000000 00:00 0 
7ffb80d65000-7ffb80e63000 rw-p 00000000 00:00 0 
7ffb80e63000-7ffb80e66000 ---p 00000000 00:00 0 
7ffb80e66000-7ffb80f64000 rw-p 00000000 00:00 0 
7ffb80f64000-7ffb80f65000 ---p 00000000 00:00 0 
7ffb80f65000-7ffb84000000 rw-p 00000000 00:00 0 
7ffb84000000-7ffb84021000 rw-p 00000000 00:00 0 
7ffb84021000-7ffb88000000 ---p 00000000 00:00 0 
7ffb88000000-7ffb88001000 r--s 00003000 fd:01 19270926                   /home/diego.yarleque/.gradle/wrapper/dists/gradle-6.6.1-bin/du4tvj86lhti6iga1v8h7pckb/gradle-6.6.1/lib/plugins/gradle-testing-junit-platform-6.6.1.jar
7ffb88001000-7ffb88003000 r--s 00003000 fd:01 19139561                   /home/diego.yarleque/.gradle/wrapper/dists/gradle-6.6.1-bin/du4tvj86lhti6iga1v8h7pckb/gradle-6.6.1/lib/gradle-hashing-6.6.1.jar
7ffb88003000-7ffb88006000 r--s 0000b000 fd:01 19139555                   /home/diego.yarleque/.gradle/wrapper/dists/gradle-6.6.1-bin/du4tvj86lhti6iga1v8h7pckb/gradle-6.6.1/lib/gradle-files-6.6.1.jar
7ffb88006000-7ffb88008000 r--s 00005000 fd:01 19139536                   /home/diego.yarleque/.gradle/wrapper/dists/gradle-6.6.1-bin/du4tvj86lhti6iga1v8h7pckb/gradle-6.6.1/lib/gradle-worker-processes-6.6.1.jar
7ffb88008000-7ffb884b1000 rw-p 00000000 00:00 0 
7ffb884b1000-7ffb88682000 r--s 03c94000 fd:01 11547260                   /usr/lib/jvm/java-8-openjdk-amd64/jre/lib/rt.jar
7ffb88682000-7ffb887f8000 rw-p 00000000 00:00 0 
7ffb887f8000-7ffb887f9000 ---p 00000000 00:00 0 
7ffb887f9000-7ffb888f9000 rw-p 00000000 00:00 0 
7ffb888f9000-7ffb888fa000 ---p 00000000 00:00 0 
7ffb888fa000-7ffb889fa000 rw-p 00000000 00:00 0 
7ffb889fa000-7ffb889fb000 ---p 00000000 00:00 0 
7ffb889fb000-7ffb88afb000 rw-p 00000000 00:00 0 
7ffb88afb000-7ffb88afc000 ---p 00000000 00:00 0 
7ffb88afc000-7ffb88bfc000 rw-p 00000000 00:00 0 
7ffb88bfc000-7ffb88bfd000 ---p 00000000 00:00 0 
7ffb88bfd000-7ffb88cfd000 rw-p 00000000 00:00 0 
7ffb88cfd000-7ffb88cfe000 ---p 00000000 00:00 0 
7ffb88cfe000-7ffb88dfe000 rw-p 00000000 00:00 0 
7ffb88dfe000-7ffb88dff000 ---p 00000000 00:00 0 
7ffb88dff000-7ffb88eff000 rw-p 00000000 00:00 0 
7ffb88eff000-7ffb88f00000 ---p 00000000 00:00 0 
7ffb88f00000-7ffb89000000 rw-p 00000000 00:00 0 
7ffb89000000-7ffb89980000 rwxp 00000000 00:00 0 
7ffb89980000-7ffb98000000 ---p 00000000 00:00 0 
7ffb98000000-7ffb9882c000 rw-p 00000000 00:00 0 
7ffb9882c000-7ffb9c000000 ---p 00000000 00:00 0 
7ffb9c000000-7ffb9c006000 r--s 000d3000 fd:01 11547254                   /usr/lib/jvm/java-8-openjdk-amd64/jre/lib/jfr.jar
7ffb9c006000-7ffb9c008000 r--s 00007000 fd:01 11929758                   /usr/share/java/java-atk-wrapper.jar
7ffb9c008000-7ffb9c0e9000 rw-p 00000000 00:00 0 
7ffb9c0e9000-7ffb9c15b000 ---p 00000000 00:00 0 
7ffb9c15b000-7ffb9c192000 rw-p 00000000 00:00 0 
7ffb9c192000-7ffb9c1b1000 ---p 00000000 00:00 0 
7ffb9c1b1000-7ffb9c1d8000 rw-p 00000000 00:00 0 
7ffb9c1d8000-7ffb9c572000 ---p 00000000 00:00 0 
7ffb9c572000-7ffb9c57a000 r-xp 00000000 fd:01 11542358                   /usr/lib/jvm/java-8-openjdk-amd64/jre/lib/amd64/libzip.so
7ffb9c57a000-7ffb9c779000 ---p 00008000 fd:01 11542358                   /usr/lib/jvm/java-8-openjdk-amd64/jre/lib/amd64/libzip.so
7ffb9c779000-7ffb9c77a000 r--p 00007000 fd:01 11542358                   /usr/lib/jvm/java-8-openjdk-amd64/jre/lib/amd64/libzip.so
7ffb9c77a000-7ffb9c77b000 rw-p 00008000 fd:01 11542358                   /usr/lib/jvm/java-8-openjdk-amd64/jre/lib/amd64/libzip.so
7ffb9c77b000-7ffb9c792000 r-xp 00000000 fd:01 28442982                   /lib/x86_64-linux-gnu/libnsl-2.27.so
7ffb9c792000-7ffb9c991000 ---p 00017000 fd:01 28442982                   /lib/x86_64-linux-gnu/libnsl-2.27.so
7ffb9c991000-7ffb9c992000 r--p 00016000 fd:01 28442982                   /lib/x86_64-linux-gnu/libnsl-2.27.so
7ffb9c992000-7ffb9c993000 rw-p 00017000 fd:01 28442982                   /lib/x86_64-linux-gnu/libnsl-2.27.so
7ffb9c993000-7ffb9c995000 rw-p 00000000 00:00 0 
7ffb9c995000-7ffb9c9b8000 r-xp 00000000 fd:01 28447231                   /lib/x86_64-linux-gnu/libnss_centrifyda.so.2
7ffb9c9b8000-7ffb9cbb7000 ---p 00023000 fd:01 28447231                   /lib/x86_64-linux-gnu/libnss_centrifyda.so.2
7ffb9cbb7000-7ffb9cbb9000 rw-p 00022000 fd:01 28447231                   /lib/x86_64-linux-gnu/libnss_centrifyda.so.2
7ffb9cbb9000-7ffb9cbba000 rw-p 00000000 00:00 0 
7ffb9cbba000-7ffb9cbe4000 r-xp 00000000 fd:01 11541701                   /usr/lib/jvm/java-8-openjdk-amd64/jre/lib/amd64/libjava.so
7ffb9cbe4000-7ffb9cde4000 ---p 0002a000 fd:01 11541701                   /usr/lib/jvm/java-8-openjdk-amd64/jre/lib/amd64/libjava.so
7ffb9cde4000-7ffb9cde5000 r--p 0002a000 fd:01 11541701                   /usr/lib/jvm/java-8-openjdk-amd64/jre/lib/amd64/libjava.so
7ffb9cde5000-7ffb9cde7000 rw-p 0002b000 fd:01 11541701                   /usr/lib/jvm/java-8-openjdk-amd64/jre/lib/amd64/libjava.so
7ffb9cde7000-7ffb9cdf7000 r-xp 00000000 fd:01 11542357                   /usr/lib/jvm/java-8-openjdk-amd64/jre/lib/amd64/libverify.so
7ffb9cdf7000-7ffb9cff6000 ---p 00010000 fd:01 11542357                   /usr/lib/jvm/java-8-openjdk-amd64/jre/lib/amd64/libverify.so
7ffb9cff6000-7ffb9cff8000 r--p 0000f000 fd:01 11542357                   /usr/lib/jvm/java-8-openjdk-amd64/jre/lib/amd64/libverify.so
7ffb9cff8000-7ffb9cff9000 rw-p 00011000 fd:01 11542357                   /usr/lib/jvm/java-8-openjdk-amd64/jre/lib/amd64/libverify.so
7ffb9cff9000-7ffb9d000000 r-xp 00000000 fd:01 28442992                   /lib/x86_64-linux-gnu/librt-2.27.so
7ffb9d000000-7ffb9d1ff000 ---p 00007000 fd:01 28442992                   /lib/x86_64-linux-gnu/librt-2.27.so
7ffb9d1ff000-7ffb9d200000 r--p 00006000 fd:01 28442992                   /lib/x86_64-linux-gnu/librt-2.27.so
7ffb9d200000-7ffb9d201000 rw-p 00007000 fd:01 28442992                   /lib/x86_64-linux-gnu/librt-2.27.so
7ffb9d201000-7ffb9d218000 r-xp 00000000 fd:01 28442713                   /lib/x86_64-linux-gnu/libgcc_s.so.1
7ffb9d218000-7ffb9d417000 ---p 00017000 fd:01 28442713                   /lib/x86_64-linux-gnu/libgcc_s.so.1
7ffb9d417000-7ffb9d418000 r--p 00016000 fd:01 28442713                   /lib/x86_64-linux-gnu/libgcc_s.so.1
7ffb9d418000-7ffb9d419000 rw-p 00017000 fd:01 28442713                   /lib/x86_64-linux-gnu/libgcc_s.so.1
7ffb9d419000-7ffb9d5b6000 r-xp 00000000 fd:01 28442979                   /lib/x86_64-linux-gnu/libm-2.27.so
7ffb9d5b6000-7ffb9d7b5000 ---p 0019d000 fd:01 28442979                   /lib/x86_64-linux-gnu/libm-2.27.so
7ffb9d7b5000-7ffb9d7b6000 r--p 0019c000 fd:01 28442979                   /lib/x86_64-linux-gnu/libm-2.27.so
7ffb9d7b6000-7ffb9d7b7000 rw-p 0019d000 fd:01 28442979                   /lib/x86_64-linux-gnu/libm-2.27.so
7ffb9d7b7000-7ffb9d930000 r-xp 00000000 fd:01 11539367                   /usr/lib/x86_64-linux-gnu/libstdc++.so.6.0.25
7ffb9d930000-7ffb9db30000 ---p 00179000 fd:01 11539367                   /usr/lib/x86_64-linux-gnu/libstdc++.so.6.0.25
7ffb9db30000-7ffb9db3a000 r--p 00179000 fd:01 11539367                   /usr/lib/x86_64-linux-gnu/libstdc++.so.6.0.25
7ffb9db3a000-7ffb9db3c000 rw-p 00183000 fd:01 11539367                   /usr/lib/x86_64-linux-gnu/libstdc++.so.6.0.25
7ffb9db3c000-7ffb9db40000 rw-p 00000000 00:00 0 
7ffb9db40000-7ffb9e8ae000 r-xp 00000000 fd:01 11542361                   /usr/lib/jvm/java-8-openjdk-amd64/jre/lib/amd64/server/libjvm.so
7ffb9e8ae000-7ffb9eaad000 ---p 00d6e000 fd:01 11542361                   /usr/lib/jvm/java-8-openjdk-amd64/jre/lib/amd64/server/libjvm.so
7ffb9eaad000-7ffb9eb43000 r--p 00d6d000 fd:01 11542361                   /usr/lib/jvm/java-8-openjdk-amd64/jre/lib/amd64/server/libjvm.so
7ffb9eb43000-7ffb9eb6c000 rw-p 00e03000 fd:01 11542361                   /usr/lib/jvm/java-8-openjdk-amd64/jre/lib/amd64/server/libjvm.so
7ffb9eb6c000-7ffb9eb9f000 rw-p 00000000 00:00 0 
7ffb9eb9f000-7ffb9ebb9000 r-xp 00000000 fd:01 28442990                   /lib/x86_64-linux-gnu/libpthread-2.27.so
7ffb9ebb9000-7ffb9edb8000 ---p 0001a000 fd:01 28442990                   /lib/x86_64-linux-gnu/libpthread-2.27.so
7ffb9edb8000-7ffb9edb9000 r--p 00019000 fd:01 28442990                   /lib/x86_64-linux-gnu/libpthread-2.27.so
7ffb9edb9000-7ffb9edba000 rw-p 0001a000 fd:01 28442990                   /lib/x86_64-linux-gnu/libpthread-2.27.so
7ffb9edba000-7ffb9edbe000 rw-p 00000000 00:00 0 
7ffb9edbe000-7ffb9edc1000 r-xp 00000000 fd:01 28442978                   /lib/x86_64-linux-gnu/libdl-2.27.so
7ffb9edc1000-7ffb9efc0000 ---p 00003000 fd:01 28442978                   /lib/x86_64-linux-gnu/libdl-2.27.so
7ffb9efc0000-7ffb9efc1000 r--p 00002000 fd:01 28442978                   /lib/x86_64-linux-gnu/libdl-2.27.so
7ffb9efc1000-7ffb9efc2000 rw-p 00003000 fd:01 28442978                   /lib/x86_64-linux-gnu/libdl-2.27.so
7ffb9efc2000-7ffb9efde000 r-xp 00000000 fd:01 28447464                   /lib/x86_64-linux-gnu/libz.so.1.2.11
7ffb9efde000-7ffb9f1dd000 ---p 0001c000 fd:01 28447464                   /lib/x86_64-linux-gnu/libz.so.1.2.11
7ffb9f1dd000-7ffb9f1de000 r--p 0001b000 fd:01 28447464                   /lib/x86_64-linux-gnu/libz.so.1.2.11
7ffb9f1de000-7ffb9f1df000 rw-p 0001c000 fd:01 28447464                   /lib/x86_64-linux-gnu/libz.so.1.2.11
7ffb9f1df000-7ffb9f3c6000 r-xp 00000000 fd:01 28442975                   /lib/x86_64-linux-gnu/libc-2.27.so
7ffb9f3c6000-7ffb9f5c6000 ---p 001e7000 fd:01 28442975                   /lib/x86_64-linux-gnu/libc-2.27.so
7ffb9f5c6000-7ffb9f5ca000 r--p 001e7000 fd:01 28442975                   /lib/x86_64-linux-gnu/libc-2.27.so
7ffb9f5ca000-7ffb9f5cc000 rw-p 001eb000 fd:01 28442975                   /lib/x86_64-linux-gnu/libc-2.27.so
7ffb9f5cc000-7ffb9f5d0000 rw-p 00000000 00:00 0 
7ffb9f5d0000-7ffb9f5de000 r-xp 00000000 fd:01 11541109                   /usr/lib/jvm/java-8-openjdk-amd64/jre/lib/amd64/jli/libjli.so
7ffb9f5de000-7ffb9f7dd000 ---p 0000e000 fd:01 11541109                   /usr/lib/jvm/java-8-openjdk-amd64/jre/lib/amd64/jli/libjli.so
7ffb9f7dd000-7ffb9f7de000 r--p 0000d000 fd:01 11541109                   /usr/lib/jvm/java-8-openjdk-amd64/jre/lib/amd64/jli/libjli.so
7ffb9f7de000-7ffb9f7df000 rw-p 0000e000 fd:01 11541109                   /usr/lib/jvm/java-8-openjdk-amd64/jre/lib/amd64/jli/libjli.so
7ffb9f7df000-7ffb9f808000 r-xp 00000000 fd:01 28442715                   /lib/x86_64-linux-gnu/ld-2.27.so
7ffb9f808000-7ffb9f809000 r--s 00009000 fd:01 21370420                   /home/diego.yarleque/.gradle/caches/6.6.1/workerMain/gradle-worker.jar
7ffb9f809000-7ffb9f80c000 r--s 0000f000 fd:01 11543031                   /usr/lib/jvm/java-8-openjdk-amd64/jre/lib/ext/icedtea-sound.jar
7ffb9f80c000-7ffb9f80e000 r--s 00010000 fd:01 11547239                   /usr/lib/jvm/java-8-openjdk-amd64/jre/lib/ext/zipfs.jar
7ffb9f80e000-7ffb9f814000 r--s 0003d000 fd:01 11547235                   /usr/lib/jvm/java-8-openjdk-amd64/jre/lib/ext/sunjce_provider.jar
7ffb9f814000-7ffb9f815000 r--s 0000a000 fd:01 11543032                   /usr/lib/jvm/java-8-openjdk-amd64/jre/lib/ext/jaccess.jar
7ffb9f815000-7ffb9f819000 r--s 00040000 fd:01 11547237                   /usr/lib/jvm/java-8-openjdk-amd64/jre/lib/ext/sunpkcs11.jar
7ffb9f819000-7ffb9f879000 rw-p 00000000 00:00 0 
7ffb9f879000-7ffb9f8ec000 ---p 00000000 00:00 0 
7ffb9f8ec000-7ffb9f8ed000 ---p 00000000 00:00 0 
7ffb9f8ed000-7ffb9f8f0000 ---p 00000000 00:00 0 
7ffb9f8f0000-7ffb9f9ef000 rw-p 00000000 00:00 0 
7ffb9f9ef000-7ffb9f9f0000 r--s 0000d000 fd:01 11543534                   /usr/lib/jvm/java-8-openjdk-amd64/jre/lib/ext/sunec.jar
7ffb9f9f0000-7ffb9f9f2000 r--s 00001000 fd:01 11543003                   /usr/lib/jvm/java-8-openjdk-amd64/jre/lib/ext/dnsns.jar
7ffb9f9f2000-7ffb9f9fc000 rw-p 00000000 00:00 0 
7ffb9f9fc000-7ffb9fa04000 rw-s 00000000 fd:01 23596992                   /tmp/hsperfdata_diego.yarleque/7602
7ffb9fa04000-7ffb9fa05000 rw-p 00000000 00:00 0 
7ffb9fa05000-7ffb9fa06000 r--p 00000000 00:00 0 
7ffb9fa06000-7ffb9fa08000 rw-p 00000000 00:00 0 
7ffb9fa08000-7ffb9fa09000 r--p 00029000 fd:01 28442715                   /lib/x86_64-linux-gnu/ld-2.27.so
7ffb9fa09000-7ffb9fa0a000 rw-p 0002a000 fd:01 28442715                   /lib/x86_64-linux-gnu/ld-2.27.so
7ffb9fa0a000-7ffb9fa0b000 rw-p 00000000 00:00 0 
7ffc9e832000-7ffc9e854000 rw-p 00000000 00:00 0                          [stack]
7ffc9e976000-7ffc9e979000 r--p 00000000 00:00 0                          [vvar]
7ffc9e979000-7ffc9e97b000 r-xp 00000000 00:00 0                          [vdso]
ffffffffff600000-ffffffffff601000 r-xp 00000000 00:00 0                  [vsyscall]

VM Arguments:
jvm_args: -Djava.security.manager=worker.org.gradle.process.internal.worker.child.BootstrapSecurityManager -Dorg.gradle.native=false -Xmx512m -Dfile.encoding=UTF-8 -Duser.country=US -Duser.language=en -Duser.variant -ea 
java_command: worker.org.gradle.process.internal.worker.GradleWorkerMain 'Gradle Test Executor 6'
java_class_path (initial): /home/diego.yarleque/.gradle/caches/6.6.1/workerMain/gradle-worker.jar
Launcher Type: SUN_STANDARD

Environment Variables:
PATH=/home/diego.yarleque/.local/bin:/usr/local/sbin:/usr/local/bin:/usr/sbin:/usr/bin:/sbin:/bin:/usr/games:/usr/local/games:/snap/bin
USERNAME=diego.yarleque
SHELL=/bin/bash
DISPLAY=:0

Signal Handlers:
SIGSEGV: [libjvm.so+0xb6c690], sa_mask[0]=11111111011111111101111111111110, sa_flags=SA_RESTART|SA_SIGINFO
SIGBUS: [libjvm.so+0xb6c690], sa_mask[0]=11111111011111111101111111111110, sa_flags=SA_RESTART|SA_SIGINFO
SIGFPE: [libjvm.so+0x98c990], sa_mask[0]=11111111011111111101111111111110, sa_flags=SA_RESTART|SA_SIGINFO
SIGPIPE: [libjvm.so+0x98c990], sa_mask[0]=11111111011111111101111111111110, sa_flags=SA_RESTART|SA_SIGINFO
SIGXFSZ: [libjvm.so+0x98c990], sa_mask[0]=11111111011111111101111111111110, sa_flags=SA_RESTART|SA_SIGINFO
SIGILL: [libjvm.so+0x98c990], sa_mask[0]=11111111011111111101111111111110, sa_flags=SA_RESTART|SA_SIGINFO
SIGUSR1: SIG_DFL, sa_mask[0]=00000000000000000000000000000000, sa_flags=none
SIGUSR2: [libjvm.so+0x98c840], sa_mask[0]=00100000000000000000000000000000, sa_flags=SA_RESTART|SA_SIGINFO
SIGHUP: [libjvm.so+0x98ceb0], sa_mask[0]=11111111011111111101111111111110, sa_flags=SA_RESTART|SA_SIGINFO
SIGINT: [libjvm.so+0x98ceb0], sa_mask[0]=11111111011111111101111111111110, sa_flags=SA_RESTART|SA_SIGINFO
SIGTERM: [libjvm.so+0x98ceb0], sa_mask[0]=11111111011111111101111111111110, sa_flags=SA_RESTART|SA_SIGINFO
SIGQUIT: [libjvm.so+0x98ceb0], sa_mask[0]=11111111011111111101111111111110, sa_flags=SA_RESTART|SA_SIGINFO


---------------  S Y S T E M  ---------------

OS:DISTRIB_ID=Ubuntu
DISTRIB_RELEASE=18.04
DISTRIB_CODENAME=bionic
DISTRIB_DESCRIPTION="Ubuntu 18.04.5 LTS"

uname:Linux 4.15.0-124-generic #127-Ubuntu SMP Fri Nov 6 10:54:43 UTC 2020 x86_64
libc:glibc 2.27 NPTL 2.27 
rlimit: STACK 8192k, CORE 0k, NPROC 63216, NOFILE 1048576, AS infinity
load average:1.74 1.51 1.42

/proc/meminfo:
MemTotal:       16300156 kB
MemFree:          299196 kB
MemAvailable:    5106352 kB
Buffers:          975680 kB
Cached:          4721980 kB
SwapCached:          580 kB
Active:         11587468 kB
Inactive:        3358504 kB
Active(anon):    8711008 kB
Inactive(anon):  1495548 kB
Active(file):    2876460 kB
Inactive(file):  1862956 kB
Unevictable:          80 kB
Mlocked:              80 kB
SwapTotal:       1003516 kB
SwapFree:         994300 kB
Dirty:             18792 kB
Writeback:             0 kB
AnonPages:       9248396 kB
Mapped:          1798832 kB
Shmem:           1077996 kB
Slab:             786528 kB
SReclaimable:     397044 kB
SUnreclaim:       389484 kB
KernelStack:       29632 kB
PageTables:       107468 kB
NFS_Unstable:          0 kB
Bounce:                0 kB
WritebackTmp:          0 kB
CommitLimit:     9153592 kB
Committed_AS:   25055292 kB
VmallocTotal:   34359738367 kB
VmallocUsed:           0 kB
VmallocChunk:          0 kB
HardwareCorrupted:     0 kB
AnonHugePages:     24576 kB
ShmemHugePages:        0 kB
ShmemPmdMapped:        0 kB
CmaTotal:              0 kB
CmaFree:               0 kB
HugePages_Total:       0
HugePages_Free:        0
HugePages_Rsvd:        0
HugePages_Surp:        0
Hugepagesize:       2048 kB
DirectMap4k:     1096364 kB
DirectMap2M:    15556608 kB
DirectMap1G:           0 kB

container (cgroup) information:
container_type: cgroupv1
cpu_cpuset_cpus: 0-7
cpu_memory_nodes: 0
active_processor_count: 8
cpu_quota: -1
cpu_period: 100000
cpu_shares: -1
memory_limit_in_bytes: -1
memory_and_swap_limit_in_bytes: -2
memory_soft_limit_in_bytes: -1
memory_usage_in_bytes: 9309028352
memory_max_usage_in_bytes: 9564266496


CPU:total 8 (initial active 8) (4 cores per cpu, 2 threads per core) family 6 model 142 stepping 10, cmov, cx8, fxsr, mmx, sse, sse2, sse3, ssse3, sse4.1, sse4.2, popcnt, avx, avx2, aes, clmul, erms, rtm, 3dnowpref, lzcnt, ht, tsc, tscinvbit, bmi1, bmi2, adx

/proc/cpuinfo:
processor	: 0
vendor_id	: GenuineIntel
cpu family	: 6
model		: 142
model name	: Intel(R) Core(TM) i7-8650U CPU @ 1.90GHz
stepping	: 10
microcode	: 0xe0
cpu MHz		: 3037.924
cache size	: 8192 KB
physical id	: 0
siblings	: 8
core id		: 0
cpu cores	: 4
apicid		: 0
initial apicid	: 0
fpu		: yes
fpu_exception	: yes
cpuid level	: 22
wp		: yes
flags		: fpu vme de pse tsc msr pae mce cx8 apic sep mtrr pge mca cmov pat pse36 clflush dts acpi mmx fxsr sse sse2 ss ht tm pbe syscall nx pdpe1gb rdtscp lm constant_tsc art arch_perfmon pebs bts rep_good nopl xtopology nonstop_tsc cpuid aperfmperf pni pclmulqdq dtes64 monitor ds_cpl vmx smx est tm2 ssse3 sdbg fma cx16 xtpr pdcm pcid sse4_1 sse4_2 x2apic movbe popcnt tsc_deadline_timer aes xsave avx f16c rdrand lahf_lm abm 3dnowprefetch cpuid_fault epb invpcid_single pti ssbd ibrs ibpb stibp tpr_shadow vnmi flexpriority ept vpid fsgsbase tsc_adjust bmi1 hle avx2 smep bmi2 erms invpcid rtm mpx rdseed adx smap clflushopt intel_pt xsaveopt xsavec xgetbv1 xsaves dtherm ida arat pln pts hwp hwp_notify hwp_act_window hwp_epp md_clear flush_l1d
bugs		: cpu_meltdown spectre_v1 spectre_v2 spec_store_bypass l1tf mds swapgs taa itlb_multihit srbds
bogomips	: 4199.88
clflush size	: 64
cache_alignment	: 64
address sizes	: 39 bits physical, 48 bits virtual
power management:

processor	: 1
vendor_id	: GenuineIntel
cpu family	: 6
model		: 142
model name	: Intel(R) Core(TM) i7-8650U CPU @ 1.90GHz
stepping	: 10
microcode	: 0xe0
cpu MHz		: 3030.546
cache size	: 8192 KB
physical id	: 0
siblings	: 8
core id		: 1
cpu cores	: 4
apicid		: 2
initial apicid	: 2
fpu		: yes
fpu_exception	: yes
cpuid level	: 22
wp		: yes
flags		: fpu vme de pse tsc msr pae mce cx8 apic sep mtrr pge mca cmov pat pse36 clflush dts acpi mmx fxsr sse sse2 ss ht tm pbe syscall nx pdpe1gb rdtscp lm constant_tsc art arch_perfmon pebs bts rep_good nopl xtopology nonstop_tsc cpuid aperfmperf pni pclmulqdq dtes64 monitor ds_cpl vmx smx est tm2 ssse3 sdbg fma cx16 xtpr pdcm pcid sse4_1 sse4_2 x2apic movbe popcnt tsc_deadline_timer aes xsave avx f16c rdrand lahf_lm abm 3dnowprefetch cpuid_fault epb invpcid_single pti ssbd ibrs ibpb stibp tpr_shadow vnmi flexpriority ept vpid fsgsbase tsc_adjust bmi1 hle avx2 smep bmi2 erms invpcid rtm mpx rdseed adx smap clflushopt intel_pt xsaveopt xsavec xgetbv1 xsaves dtherm ida arat pln pts hwp hwp_notify hwp_act_window hwp_epp md_clear flush_l1d
bugs		: cpu_meltdown spectre_v1 spectre_v2 spec_store_bypass l1tf mds swapgs taa itlb_multihit srbds
bogomips	: 4199.88
clflush size	: 64
cache_alignment	: 64
address sizes	: 39 bits physical, 48 bits virtual
power management:

processor	: 2
vendor_id	: GenuineIntel
cpu family	: 6
model		: 142
model name	: Intel(R) Core(TM) i7-8650U CPU @ 1.90GHz
stepping	: 10
microcode	: 0xe0
cpu MHz		: 3084.884
cache size	: 8192 KB
physical id	: 0
siblings	: 8
core id		: 2
cpu cores	: 4
apicid		: 4
initial apicid	: 4
fpu		: yes
fpu_exception	: yes
cpuid level	: 22
wp		: yes
flags		: fpu vme de pse tsc msr pae mce cx8 apic sep mtrr pge mca cmov pat pse36 clflush dts acpi mmx fxsr sse sse2 ss ht tm pbe syscall nx pdpe1gb rdtscp lm constant_tsc art arch_perfmon pebs bts rep_good nopl xtopology nonstop_tsc cpuid aperfmperf pni pclmulqdq dtes64 monitor ds_cpl vmx smx est tm2 ssse3 sdbg fma cx16 xtpr pdcm pcid sse4_1 sse4_2 x2apic movbe popcnt tsc_deadline_timer aes xsave avx f16c rdrand lahf_lm abm 3dnowprefetch cpuid_fault epb invpcid_single pti ssbd ibrs ibpb stibp tpr_shadow vnmi flexpriority ept vpid fsgsbase tsc_adjust bmi1 hle avx2 smep bmi2 erms invpcid rtm mpx rdseed adx smap clflushopt intel_pt xsaveopt xsavec xgetbv1 xsaves dtherm ida arat pln pts hwp hwp_notify hwp_act_window hwp_epp md_clear flush_l1d
bugs		: cpu_meltdown spectre_v1 spectre_v2 spec_store_bypass l1tf mds swapgs taa itlb_multihit srbds
bogomips	: 4199.88
clflush size	: 64
cache_alignment	: 64
address sizes	: 39 bits physical, 48 bits virtual
power management:

processor	: 3
vendor_id	: GenuineIntel
cpu family	: 6
model		: 142
model name	: Intel(R) Core(TM) i7-8650U CPU @ 1.90GHz
stepping	: 10
microcode	: 0xe0
cpu MHz		: 3094.718
cache size	: 8192 KB
physical id	: 0
siblings	: 8
core id		: 3
cpu cores	: 4
apicid		: 6
initial apicid	: 6
fpu		: yes
fpu_exception	: yes
cpuid level	: 22
wp		: yes
flags		: fpu vme de pse tsc msr pae mce cx8 apic sep mtrr pge mca cmov pat pse36 clflush dts acpi mmx fxsr sse sse2 ss ht tm pbe syscall nx pdpe1gb rdtscp lm constant_tsc art arch_perfmon pebs bts rep_good nopl xtopology nonstop_tsc cpuid aperfmperf pni pclmulqdq dtes64 monitor ds_cpl vmx smx est tm2 ssse3 sdbg fma cx16 xtpr pdcm pcid sse4_1 sse4_2 x2apic movbe popcnt tsc_deadline_timer aes xsave avx f16c rdrand lahf_lm abm 3dnowprefetch cpuid_fault epb invpcid_single pti ssbd ibrs ibpb stibp tpr_shadow vnmi flexpriority ept vpid fsgsbase tsc_adjust bmi1 hle avx2 smep bmi2 erms invpcid rtm mpx rdseed adx smap clflushopt intel_pt xsaveopt xsavec xgetbv1 xsaves dtherm ida arat pln pts hwp hwp_notify hwp_act_window hwp_epp md_clear flush_l1d
bugs		: cpu_meltdown spectre_v1 spectre_v2 spec_store_bypass l1tf mds swapgs taa itlb_multihit srbds
bogomips	: 4199.88
clflush size	: 64
cache_alignment	: 64
address sizes	: 39 bits physical, 48 bits virtual
power management:

processor	: 4
vendor_id	: GenuineIntel
cpu family	: 6
model		: 142
model name	: Intel(R) Core(TM) i7-8650U CPU @ 1.90GHz
stepping	: 10
microcode	: 0xe0
cpu MHz		: 3020.737
cache size	: 8192 KB
physical id	: 0
siblings	: 8
core id		: 0
cpu cores	: 4
apicid		: 1
initial apicid	: 1
fpu		: yes
fpu_exception	: yes
cpuid level	: 22
wp		: yes
flags		: fpu vme de pse tsc msr pae mce cx8 apic sep mtrr pge mca cmov pat pse36 clflush dts acpi mmx fxsr sse sse2 ss ht tm pbe syscall nx pdpe1gb rdtscp lm constant_tsc art arch_perfmon pebs bts rep_good nopl xtopology nonstop_tsc cpuid aperfmperf pni pclmulqdq dtes64 monitor ds_cpl vmx smx est tm2 ssse3 sdbg fma cx16 xtpr pdcm pcid sse4_1 sse4_2 x2apic movbe popcnt tsc_deadline_timer aes xsave avx f16c rdrand lahf_lm abm 3dnowprefetch cpuid_fault epb invpcid_single pti ssbd ibrs ibpb stibp tpr_shadow vnmi flexpriority ept vpid fsgsbase tsc_adjust bmi1 hle avx2 smep bmi2 erms invpcid rtm mpx rdseed adx smap clflushopt intel_pt xsaveopt xsavec xgetbv1 xsaves dtherm ida arat pln pts hwp hwp_notify hwp_act_window hwp_epp md_clear flush_l1d
bugs		: cpu_meltdown spectre_v1 spectre_v2 spec_store_bypass l1tf mds swapgs taa itlb_multihit srbds
bogomips	: 4199.88
clflush size	: 64
cache_alignment	: 64
address sizes	: 39 bits physical, 48 bits virtual
power management:

processor	: 5
vendor_id	: GenuineIntel
cpu family	: 6
model		: 142
model name	: Intel(R) Core(TM) i7-8650U CPU @ 1.90GHz
stepping	: 10
microcode	: 0xe0
cpu MHz		: 3026.500
cache size	: 8192 KB
physical id	: 0
siblings	: 8
core id		: 1
cpu cores	: 4
apicid		: 3
initial apicid	: 3
fpu		: yes
fpu_exception	: yes
cpuid level	: 22
wp		: yes
flags		: fpu vme de pse tsc msr pae mce cx8 apic sep mtrr pge mca cmov pat pse36 clflush dts acpi mmx fxsr sse sse2 ss ht tm pbe syscall nx pdpe1gb rdtscp lm constant_tsc art arch_perfmon pebs bts rep_good nopl xtopology nonstop_tsc cpuid aperfmperf pni pclmulqdq dtes64 monitor ds_cpl vmx smx est tm2 ssse3 sdbg fma cx16 xtpr pdcm pcid sse4_1 sse4_2 x2apic movbe popcnt tsc_deadline_timer aes xsave avx f16c rdrand lahf_lm abm 3dnowprefetch cpuid_fault epb invpcid_single pti ssbd ibrs ibpb stibp tpr_shadow vnmi flexpriority ept vpid fsgsbase tsc_adjust bmi1 hle avx2 smep bmi2 erms invpcid rtm mpx rdseed adx smap clflushopt intel_pt xsaveopt xsavec xgetbv1 xsaves dtherm ida arat pln pts hwp hwp_notify hwp_act_window hwp_epp md_clear flush_l1d
bugs		: cpu_meltdown spectre_v1 spectre_v2 spec_store_bypass l1tf mds swapgs taa itlb_multihit srbds
bogomips	: 4199.88
clflush size	: 64
cache_alignment	: 64
address sizes	: 39 bits physical, 48 bits virtual
power management:

processor	: 6
vendor_id	: GenuineIntel
cpu family	: 6
model		: 142
model name	: Intel(R) Core(TM) i7-8650U CPU @ 1.90GHz
stepping	: 10
microcode	: 0xe0
cpu MHz		: 3085.767
cache size	: 8192 KB
physical id	: 0
siblings	: 8
core id		: 2
cpu cores	: 4
apicid		: 5
initial apicid	: 5
fpu		: yes
fpu_exception	: yes
cpuid level	: 22
wp		: yes
flags		: fpu vme de pse tsc msr pae mce cx8 apic sep mtrr pge mca cmov pat pse36 clflush dts acpi mmx fxsr sse sse2 ss ht tm pbe syscall nx pdpe1gb rdtscp lm constant_tsc art arch_perfmon pebs bts rep_good nopl xtopology nonstop_tsc cpuid aperfmperf pni pclmulqdq dtes64 monitor ds_cpl vmx smx est tm2 ssse3 sdbg fma cx16 xtpr pdcm pcid sse4_1 sse4_2 x2apic movbe popcnt tsc_deadline_timer aes xsave avx f16c rdrand lahf_lm abm 3dnowprefetch cpuid_fault epb invpcid_single pti ssbd ibrs ibpb stibp tpr_shadow vnmi flexpriority ept vpid fsgsbase tsc_adjust bmi1 hle avx2 smep bmi2 erms invpcid rtm mpx rdseed adx smap clflushopt intel_pt xsaveopt xsavec xgetbv1 xsaves dtherm ida arat pln pts hwp hwp_notify hwp_act_window hwp_epp md_clear flush_l1d
bugs		: cpu_meltdown spectre_v1 spectre_v2 spec_store_bypass l1tf mds swapgs taa itlb_multihit srbds
bogomips	: 4199.88
clflush size	: 64
cache_alignment	: 64
address sizes	: 39 bits physical, 48 bits virtual
power management:

processor	: 7
vendor_id	: GenuineIntel
cpu family	: 6
model		: 142
model name	: Intel(R) Core(TM) i7-8650U CPU @ 1.90GHz
stepping	: 10
microcode	: 0xe0
cpu MHz		: 3115.422
cache size	: 8192 KB
physical id	: 0
siblings	: 8
core id		: 3
cpu cores	: 4
apicid		: 7
initial apicid	: 7
fpu		: yes
fpu_exception	: yes
cpuid level	: 22
wp		: yes
flags		: fpu vme de pse tsc msr pae mce cx8 apic sep mtrr pge mca cmov pat pse36 clflush dts acpi mmx fxsr sse sse2 ss ht tm pbe syscall nx pdpe1gb rdtscp lm constant_tsc art arch_perfmon pebs bts rep_good nopl xtopology nonstop_tsc cpuid aperfmperf pni pclmulqdq dtes64 monitor ds_cpl vmx smx est tm2 ssse3 sdbg fma cx16 xtpr pdcm pcid sse4_1 sse4_2 x2apic movbe popcnt tsc_deadline_timer aes xsave avx f16c rdrand lahf_lm abm 3dnowprefetch cpuid_fault epb invpcid_single pti ssbd ibrs ibpb stibp tpr_shadow vnmi flexpriority ept vpid fsgsbase tsc_adjust bmi1 hle avx2 smep bmi2 erms invpcid rtm mpx rdseed adx smap clflushopt intel_pt xsaveopt xsavec xgetbv1 xsaves dtherm ida arat pln pts hwp hwp_notify hwp_act_window hwp_epp md_clear flush_l1d
bugs		: cpu_meltdown spectre_v1 spectre_v2 spec_store_bypass l1tf mds swapgs taa itlb_multihit srbds
bogomips	: 4199.88
clflush size	: 64
cache_alignment	: 64
address sizes	: 39 bits physical, 48 bits virtual
power management:



Memory: 4k page, physical 16300156k(299196k free), swap 1003516k(994300k free)

vm_info: OpenJDK 64-Bit Server VM (25.275-b01) for linux-amd64 JRE (1.8.0_275-8u275-b01-0ubuntu1~18.04-b01), built on Nov  9 2020 02:38:58 by "buildd" with gcc 7.5.0

time: Mon Nov 30 14:05:55 2020
timezone: -05
elapsed time: 1.758293 seconds (0d 0h 0m 1s)

